

Microchip MPLAB XC8 Assembler V2.41 build 20230208172133 
                                                                                               Tue Jun 06 20:46:17 2023

Microchip MPLAB XC8 C Compiler v2.41 (Free license) build 20230208172133 Og1 
     1                           	processor	18F4550
     2                           	fnconf	rparam,??,?,0
     3                           	pagewidth 120
     4                           	opt	flic
     5                           	psect	cinit,global,reloc=2,class=CODE,delta=1
     6                           	psect	bssCOMRAM,global,class=COMRAM,space=1,delta=1,lowdata,noexec
     7                           	psect	cstackCOMRAM,global,class=COMRAM,space=1,delta=1,lowdata,noexec
     8                           	psect	text0,global,reloc=2,class=CODE,delta=1
     9                           	psect	intcode,global,reloc=2,class=CODE,delta=1
    10                           	psect	intcode_body,global,reloc=2,class=CODE,delta=1
    11                           	psect	intsave_regs,global,class=BIGRAM,space=1,delta=1,noexec
    12                           	psect	rparam,global,class=COMRAM,space=1,delta=1,noexec
    13                           	psect	temp,global,ovrld,common,class=COMRAM,space=1,delta=1
    14                           	psect	idloc,global,abs,ovrld,class=IDLOC,space=5,delta=1,noexec
    15                           	psect	config,global,abs,ovrld,class=CONFIG,space=4,delta=1,noexec
    16   000000                     
    17                           ; Version 2.40
    18                           ; Generated 17/11/2021 GMT
    19                           ; 
    20                           ; Copyright © 2021, Microchip Technology Inc. and its subsidiaries ("Microchip")
    21                           ; All rights reserved.
    22                           ; 
    23                           ; This software is developed by Microchip Technology Inc. and its subsidiaries ("Microch
      +                          ip").
    24                           ; 
    25                           ; Redistribution and use in source and binary forms, with or without modification, are
    26                           ; permitted provided that the following conditions are met:
    27                           ; 
    28                           ;     1. Redistributions of source code must retain the above copyright notice, this lis
      +                          t of
    29                           ;        conditions and the following disclaimer.
    30                           ; 
    31                           ;     2. Redistributions in binary form must reproduce the above copyright notice, this 
      +                          list
    32                           ;        of conditions and the following disclaimer in the documentation and/or other
    33                           ;        materials provided with the distribution. Publication is not required when
    34                           ;        this file is used in an embedded application.
    35                           ; 
    36                           ;     3. Microchip's name may not be used to endorse or promote products derived from th
      +                          is
    37                           ;        software without specific prior written permission.
    38                           ; 
    39                           ; THIS SOFTWARE IS PROVIDED BY MICROCHIP "AS IS" AND ANY EXPRESS OR IMPLIED WARRANTIES,
    40                           ; INCLUDING, BUT NOT LIMITED TO, THE IMPLIED WARRANTIES OF MERCHANTABILITY AND FITNESS F
      +                          OR
    41                           ; PURPOSE ARE DISCLAIMED.  IN NO EVENT SHALL MICROCHIP BE LIABLE FOR ANY DIRECT, INDIREC
      +                          T,
    42                           ; INCIDENTAL, SPECIAL, EXEMPLARY, OR CONSEQUENTIAL DAMAGES (INCLUDING BUT NOT LIMITED TO
    43                           ; PROCUREMENT OF SUBSTITUTE GOODS OR SERVICES; LOSS OF USE, DATA OR PROFITS; OR BUSINESS
    44                           ; INTERRUPTION) HOWSOEVER CAUSED AND ON ANY THEORY OF LIABILITY, WHETHER IN CONTRACT, ST
      +                          RICT
    45                           ; LIABILITY, OR TORT (INCLUDING NEGLIGENCE OR OTHERWISE) ARISING IN ANY WAY OUT OF THE U
      +                          SE OF
    46                           ; THIS SOFTWARE, EVEN IF ADVISED OF THE POSSIBILITY OF SUCH DAMAGE.
    47                           ; 
    48                           ; 
    49                           ; Code-generator required, PIC18F4550 Definitions
    50                           ; 
    51                           ; SFR Addresses
    52   000000                     _T1CONbits	set	4045
    53   000000                     _PORTAbits	set	3968
    54   000000                     _PIR1bits	set	3998
    55   000000                     _TMR1	set	4046
    56   000000                     _T1CON	set	4045
    57   000000                     _TRISAbits	set	3986
    58   000000                     _INTCONbits	set	4082
    59   000000                     _PIE1bits	set	3997
    60                           
    61                           ; #config settings
    62                           
    63                           	psect	cinit
    64   0008BE                     __pcinit:
    65                           	callstack 0
    66   0008BE                     start_initialization:
    67                           	callstack 0
    68   0008BE                     __initialization:
    69                           	callstack 0
    70                           
    71                           ; Clear objects allocated to COMRAM (4 bytes)
    72   0008BE  6A04               	clrf	(__pbssCOMRAM+3)& (0+255),c
    73   0008C0  6A03               	clrf	(__pbssCOMRAM+2)& (0+255),c
    74   0008C2  6A02               	clrf	(__pbssCOMRAM+1)& (0+255),c
    75   0008C4  6A01               	clrf	__pbssCOMRAM& (0+255),c
    76   0008C6                     end_of_initialization:
    77                           	callstack 0
    78   0008C6                     __end_of__initialization:
    79                           	callstack 0
    80   0008C6  9005               	bcf	int$flags,0,c	;clear compiler interrupt flag (level 1)
    81   0008C8  9205               	bcf	int$flags,1,c	;clear compiler interrupt flag (level 2)
    82   0008CA  0100               	movlb	0
    83   0008CC  EF52  F004         	goto	_main	;jump to C main() function
    84                           
    85                           	psect	bssCOMRAM
    86   000001                     __pbssCOMRAM:
    87                           	callstack 0
    88   000001                     _count:
    89                           	callstack 0
    90   000001                     	ds	2
    91   000003                     _buzz:
    92                           	callstack 0
    93   000003                     	ds	2
    94                           
    95                           	psect	cstackCOMRAM
    96   000000                     __pcstackCOMRAM:
    97                           	callstack 0
    98   000000                     
    99                           ; 2 bytes @ 0x0
   100 ;;
   101 ;;Main: autosize = 0, tempsize = 0, incstack = 0, save=0
   102 ;;
   103 ;; *************** function _main *****************
   104 ;; Defined at:
   105 ;;		line 36 in file "a5.c"
   106 ;; Parameters:    Size  Location     Type
   107 ;;		None
   108 ;; Auto vars:     Size  Location     Type
   109 ;;		None
   110 ;; Return value:  Size  Location     Type
   111 ;;                  2   32[None  ] int 
   112 ;; Registers used:
   113 ;;		wreg, status,2
   114 ;; Tracked objects:
   115 ;;		On entry : 0/0
   116 ;;		On exit  : 0/0
   117 ;;		Unchanged: 0/0
   118 ;; Data sizes:     COMRAM   BANK0   BANK1   BANK2   BANK3   BANK4   BANK5   BANK6   BANK7
   119 ;;      Params:         0       0       0       0       0       0       0       0       0
   120 ;;      Locals:         0       0       0       0       0       0       0       0       0
   121 ;;      Temps:          0       0       0       0       0       0       0       0       0
   122 ;;      Totals:         0       0       0       0       0       0       0       0       0
   123 ;;Total ram usage:        0 bytes
   124 ;; Hardware stack levels required when called: 1
   125 ;; This function calls:
   126 ;;		Nothing
   127 ;; This function is called by:
   128 ;;		Startup code after reset
   129 ;; This function uses a non-reentrant model
   130 ;;
   131                           
   132                           	psect	text0
   133   0008A4                     __ptext0:
   134                           	callstack 0
   135   0008A4                     _main:
   136                           	callstack 30
   137   0008A4                     
   138                           ;a5.c: 37:     T1CON=0xB0;
   139   0008A4  0EB0               	movlw	176
   140   0008A6  6ECD               	movwf	205,c	;volatile
   141   0008A8                     
   142                           ;a5.c: 38:     TRISAbits.TRISA5=0;
   143   0008A8  9A92               	bcf	146,5,c	;volatile
   144   0008AA                     
   145                           ;a5.c: 39:     PORTAbits.RA5=0;
   146   0008AA  9A80               	bcf	128,5,c	;volatile
   147   0008AC                     
   148                           ;a5.c: 40:     PIE1bits.TMR1IE=1;
   149   0008AC  809D               	bsf	157,0,c	;volatile
   150   0008AE                     
   151                           ;a5.c: 41:     PIR1bits.TMR1IF=0;
   152   0008AE  909E               	bcf	158,0,c	;volatile
   153   0008B0                     
   154                           ;a5.c: 42:     INTCONbits.PEIE=1;
   155   0008B0  8CF2               	bsf	242,6,c	;volatile
   156   0008B2                     
   157                           ;a5.c: 43:     INTCONbits.GIE=1;
   158   0008B2  8EF2               	bsf	242,7,c	;volatile
   159   0008B4                     
   160                           ;a5.c: 44:     T1CONbits.TMR1ON=1;
   161   0008B4  80CD               	bsf	205,0,c	;volatile
   162   0008B6                     l33:
   163   0008B6  EF5B  F004         	goto	l33
   164   0008BA  EF07  F004         	goto	start
   165   0008BE                     __end_of_main:
   166                           	callstack 0
   167                           
   168 ;; *************** function _buzzbeep *****************
   169 ;; Defined at:
   170 ;;		line 14 in file "a5.c"
   171 ;; Parameters:    Size  Location     Type
   172 ;;		None
   173 ;; Auto vars:     Size  Location     Type
   174 ;;		None
   175 ;; Return value:  Size  Location     Type
   176 ;;                  1    wreg      void 
   177 ;; Registers used:
   178 ;;		wreg, status,2, status,0
   179 ;; Tracked objects:
   180 ;;		On entry : 0/0
   181 ;;		On exit  : 0/0
   182 ;;		Unchanged: 0/0
   183 ;; Data sizes:     COMRAM   BANK0   BANK1   BANK2   BANK3   BANK4   BANK5   BANK6   BANK7
   184 ;;      Params:         0       0       0       0       0       0       0       0       0
   185 ;;      Locals:         0       0       0       0       0       0       0       0       0
   186 ;;      Temps:          0       0       0       0       0       0       0       0       0
   187 ;;      Totals:         0       0       0       0       0       0       0       0       0
   188 ;;Total ram usage:        0 bytes
   189 ;; Hardware stack levels used: 1
   190 ;; This function calls:
   191 ;;		Nothing
   192 ;; This function is called by:
   193 ;;		Interrupt level 2
   194 ;; This function uses a non-reentrant model
   195 ;;
   196                           
   197                           	psect	intcode
   198   000808                     __pintcode:
   199                           	callstack 0
   200   000808                     _buzzbeep:
   201                           	callstack 30
   202                           
   203                           ;incstack = 0
   204   000808  8205               	bsf	int$flags,1,c	;set compiler interrupt flag (level 2)
   205   00080A  ED09  F004         	call	int_func,f	;refresh shadow registers
   206                           
   207                           	psect	intcode_body
   208   000812                     __pintcode_body:
   209                           	callstack 30
   210   000812                     int_func:
   211                           	callstack 30
   212   000812  0006               	pop		; remove dummy address from shadow register refresh
   213   000814                     
   214                           ;a5.c: 17:     if(PIR1bits.TMR1IF==1){
   215   000814  A09E               	btfss	158,0,c	;volatile
   216   000816  EF0F  F004         	goto	i2u1_41
   217   00081A  EF11  F004         	goto	i2u1_40
   218   00081E                     i2u1_41:
   219   00081E  EF50  F004         	goto	i2l28
   220   000822                     i2u1_40:
   221   000822                     
   222                           ;a5.c: 19:         if(buzz&&count==10){
   223   000822  5003               	movf	_buzz^0,w,c
   224   000824  1004               	iorwf	(_buzz+1)^0,w,c
   225   000826  B4D8               	btfsc	status,2,c
   226   000828  EF18  F004         	goto	i2u2_41
   227   00082C  EF1A  F004         	goto	i2u2_40
   228   000830                     i2u2_41:
   229   000830  EF2D  F004         	goto	i2l722
   230   000834                     i2u2_40:
   231   000834  0E0A               	movlw	10
   232   000836  1801               	xorwf	_count^0,w,c
   233   000838  1002               	iorwf	(_count+1)^0,w,c
   234   00083A  A4D8               	btfss	status,2,c
   235   00083C  EF22  F004         	goto	i2u3_41
   236   000840  EF24  F004         	goto	i2u3_40
   237   000844                     i2u3_41:
   238   000844  EF2D  F004         	goto	i2l722
   239   000848                     i2u3_40:
   240   000848                     
   241                           ;a5.c: 20:             buzz=0;
   242   000848  0E00               	movlw	0
   243   00084A  6E04               	movwf	(_buzz+1)^0,c
   244   00084C  0E00               	movlw	0
   245   00084E  6E03               	movwf	_buzz^0,c
   246   000850                     
   247                           ;a5.c: 21:             PORTAbits.RA5=0;
   248   000850  9A80               	bcf	128,5,c	;volatile
   249                           
   250                           ;a5.c: 22:             count=0;
   251   000852  0E00               	movlw	0
   252   000854  6E02               	movwf	(_count+1)^0,c
   253   000856  0E00               	movlw	0
   254   000858  6E01               	movwf	_count^0,c
   255   00085A                     i2l722:
   256                           
   257                           ;a5.c: 24:         if(!buzz&&count==40){
   258   00085A  5003               	movf	_buzz^0,w,c
   259   00085C  1004               	iorwf	(_buzz+1)^0,w,c
   260   00085E  A4D8               	btfss	status,2,c
   261   000860  EF34  F004         	goto	i2u4_41
   262   000864  EF36  F004         	goto	i2u4_40
   263   000868                     i2u4_41:
   264   000868  EF49  F004         	goto	i2l730
   265   00086C                     i2u4_40:
   266   00086C  0E28               	movlw	40
   267   00086E  1801               	xorwf	_count^0,w,c
   268   000870  1002               	iorwf	(_count+1)^0,w,c
   269   000872  A4D8               	btfss	status,2,c
   270   000874  EF3E  F004         	goto	i2u5_41
   271   000878  EF40  F004         	goto	i2u5_40
   272   00087C                     i2u5_41:
   273   00087C  EF49  F004         	goto	i2l730
   274   000880                     i2u5_40:
   275   000880                     
   276                           ;a5.c: 25:             buzz=1;
   277   000880  0E00               	movlw	0
   278   000882  6E04               	movwf	(_buzz+1)^0,c
   279   000884  0E01               	movlw	1
   280   000886  6E03               	movwf	_buzz^0,c
   281   000888                     
   282                           ;a5.c: 26:             PORTAbits.RA5=1;
   283   000888  8A80               	bsf	128,5,c	;volatile
   284                           
   285                           ;a5.c: 27:             count=0;
   286   00088A  0E00               	movlw	0
   287   00088C  6E02               	movwf	(_count+1)^0,c
   288   00088E  0E00               	movlw	0
   289   000890  6E01               	movwf	_count^0,c
   290   000892                     i2l730:
   291                           
   292                           ;a5.c: 29:         count++;
   293   000892  4A01               	infsnz	_count^0,f,c
   294   000894  2A02               	incf	(_count+1)^0,f,c
   295   000896                     
   296                           ;a5.c: 30:         PIR1bits.TMR1IF=0;
   297   000896  909E               	bcf	158,0,c	;volatile
   298   000898                     
   299                           ;a5.c: 31:         TMR1=28038;
   300   000898  0E6D               	movlw	109
   301   00089A  6ECF               	movwf	207,c	;volatile
   302   00089C  0E86               	movlw	134
   303   00089E  6ECE               	movwf	206,c	;volatile
   304   0008A0                     i2l28:
   305   0008A0  9205               	bcf	int$flags,1,c	;clear compiler interrupt flag (level 2)
   306   0008A2  0011               	retfie		f
   307   0008A4                     __end_of_buzzbeep:
   308                           	callstack 0
   309   000000                     
   310                           	psect	rparam
   311   000000                     
   312                           	psect	temp
   313   000005                     btemp:
   314                           	callstack 0
   315   000005                     	ds	1
   316   000000                     int$flags	set	btemp
   317   000000                     wtemp8	set	btemp+1
   318   000000                     ttemp5	set	btemp+1
   319   000000                     ttemp6	set	btemp+4
   320   000000                     ttemp7	set	btemp+8
   321                           
   322                           	psect	idloc
   323                           
   324                           ;Config register IDLOC0 @ 0x200000
   325                           ;	unspecified, using default values
   326   200000                     	org	2097152
   327   200000  FF                 	db	255
   328                           
   329                           ;Config register IDLOC1 @ 0x200001
   330                           ;	unspecified, using default values
   331   200001                     	org	2097153
   332   200001  FF                 	db	255
   333                           
   334                           ;Config register IDLOC2 @ 0x200002
   335                           ;	unspecified, using default values
   336   200002                     	org	2097154
   337   200002  FF                 	db	255
   338                           
   339                           ;Config register IDLOC3 @ 0x200003
   340                           ;	unspecified, using default values
   341   200003                     	org	2097155
   342   200003  FF                 	db	255
   343                           
   344                           ;Config register IDLOC4 @ 0x200004
   345                           ;	unspecified, using default values
   346   200004                     	org	2097156
   347   200004  FF                 	db	255
   348                           
   349                           ;Config register IDLOC5 @ 0x200005
   350                           ;	unspecified, using default values
   351   200005                     	org	2097157
   352   200005  FF                 	db	255
   353                           
   354                           ;Config register IDLOC6 @ 0x200006
   355                           ;	unspecified, using default values
   356   200006                     	org	2097158
   357   200006  FF                 	db	255
   358                           
   359                           ;Config register IDLOC7 @ 0x200007
   360                           ;	unspecified, using default values
   361   200007                     	org	2097159
   362   200007  FF                 	db	255
   363                           
   364                           	psect	config
   365                           
   366                           ;Config register CONFIG1L @ 0x300000
   367                           ;	unspecified, using default values
   368                           ;	PLL Prescaler Selection bits
   369                           ;	PLLDIV = 0x0, unprogrammed default
   370                           ;	System Clock Postscaler Selection bits
   371                           ;	CPUDIV = 0x0, unprogrammed default
   372                           ;	USB Clock Selection bit (used in Full-Speed USB mode only; UCFG:FSEN = 1)
   373                           ;	USBDIV = 0x0, unprogrammed default
   374   300000                     	org	3145728
   375   300000  00                 	db	0
   376                           
   377                           ;Config register CONFIG1H @ 0x300001
   378                           ;	unspecified, using default values
   379                           ;	Oscillator Selection bits
   380                           ;	FOSC = 0x5, unprogrammed default
   381                           ;	Fail-Safe Clock Monitor Enable bit
   382                           ;	FCMEN = 0x0, unprogrammed default
   383                           ;	Internal/External Oscillator Switchover bit
   384                           ;	IESO = 0x0, unprogrammed default
   385   300001                     	org	3145729
   386   300001  05                 	db	5
   387                           
   388                           ;Config register CONFIG2L @ 0x300002
   389                           ;	unspecified, using default values
   390                           ;	Power-up Timer Enable bit
   391                           ;	PWRT = 0x1, unprogrammed default
   392                           ;	Brown-out Reset Enable bits
   393                           ;	BOR = 0x3, unprogrammed default
   394                           ;	Brown-out Reset Voltage bits
   395                           ;	BORV = 0x3, unprogrammed default
   396                           ;	USB Voltage Regulator Enable bit
   397                           ;	VREGEN = 0x0, unprogrammed default
   398   300002                     	org	3145730
   399   300002  1F                 	db	31
   400                           
   401                           ;Config register CONFIG2H @ 0x300003
   402                           ;	unspecified, using default values
   403                           ;	Watchdog Timer Enable bit
   404                           ;	WDT = 0x1, unprogrammed default
   405                           ;	Watchdog Timer Postscale Select bits
   406                           ;	WDTPS = 0xF, unprogrammed default
   407   300003                     	org	3145731
   408   300003  1F                 	db	31
   409                           
   410                           ; Padding undefined space
   411   300004                     	org	3145732
   412   300004  FF                 	db	255
   413                           
   414                           ;Config register CONFIG3H @ 0x300005
   415                           ;	unspecified, using default values
   416                           ;	CCP2 MUX bit
   417                           ;	CCP2MX = 0x1, unprogrammed default
   418                           ;	PORTB A/D Enable bit
   419                           ;	PBADEN = 0x1, unprogrammed default
   420                           ;	Low-Power Timer 1 Oscillator Enable bit
   421                           ;	LPT1OSC = 0x0, unprogrammed default
   422                           ;	MCLR Pin Enable bit
   423                           ;	MCLRE = 0x1, unprogrammed default
   424   300005                     	org	3145733
   425   300005  83                 	db	131
   426                           
   427                           ;Config register CONFIG4L @ 0x300006
   428                           ;	unspecified, using default values
   429                           ;	Stack Full/Underflow Reset Enable bit
   430                           ;	STVREN = 0x1, unprogrammed default
   431                           ;	Single-Supply ICSP Enable bit
   432                           ;	LVP = 0x1, unprogrammed default
   433                           ;	Dedicated In-Circuit Debug/Programming Port (ICPORT) Enable bit
   434                           ;	ICPRT = 0x0, unprogrammed default
   435                           ;	Extended Instruction Set Enable bit
   436                           ;	XINST = 0x0, unprogrammed default
   437                           ;	Background Debugger Enable bit
   438                           ;	DEBUG = 0x1, unprogrammed default
   439   300006                     	org	3145734
   440   300006  85                 	db	133
   441                           
   442                           ; Padding undefined space
   443   300007                     	org	3145735
   444   300007  FF                 	db	255
   445                           
   446                           ;Config register CONFIG5L @ 0x300008
   447                           ;	unspecified, using default values
   448                           ;	Code Protection bit
   449                           ;	CP0 = 0x1, unprogrammed default
   450                           ;	Code Protection bit
   451                           ;	CP1 = 0x1, unprogrammed default
   452                           ;	Code Protection bit
   453                           ;	CP2 = 0x1, unprogrammed default
   454                           ;	Code Protection bit
   455                           ;	CP3 = 0x1, unprogrammed default
   456   300008                     	org	3145736
   457   300008  0F                 	db	15
   458                           
   459                           ;Config register CONFIG5H @ 0x300009
   460                           ;	unspecified, using default values
   461                           ;	Boot Block Code Protection bit
   462                           ;	CPB = 0x1, unprogrammed default
   463                           ;	Data EEPROM Code Protection bit
   464                           ;	CPD = 0x1, unprogrammed default
   465   300009                     	org	3145737
   466   300009  C0                 	db	192
   467                           
   468                           ;Config register CONFIG6L @ 0x30000A
   469                           ;	unspecified, using default values
   470                           ;	Write Protection bit
   471                           ;	WRT0 = 0x1, unprogrammed default
   472                           ;	Write Protection bit
   473                           ;	WRT1 = 0x1, unprogrammed default
   474                           ;	Write Protection bit
   475                           ;	WRT2 = 0x1, unprogrammed default
   476                           ;	Write Protection bit
   477                           ;	WRT3 = 0x1, unprogrammed default
   478   30000A                     	org	3145738
   479   30000A  0F                 	db	15
   480                           
   481                           ;Config register CONFIG6H @ 0x30000B
   482                           ;	unspecified, using default values
   483                           ;	Configuration Register Write Protection bit
   484                           ;	WRTC = 0x1, unprogrammed default
   485                           ;	Boot Block Write Protection bit
   486                           ;	WRTB = 0x1, unprogrammed default
   487                           ;	Data EEPROM Write Protection bit
   488                           ;	WRTD = 0x1, unprogrammed default
   489   30000B                     	org	3145739
   490   30000B  E0                 	db	224
   491                           
   492                           ;Config register CONFIG7L @ 0x30000C
   493                           ;	unspecified, using default values
   494                           ;	Table Read Protection bit
   495                           ;	EBTR0 = 0x1, unprogrammed default
   496                           ;	Table Read Protection bit
   497                           ;	EBTR1 = 0x1, unprogrammed default
   498                           ;	Table Read Protection bit
   499                           ;	EBTR2 = 0x1, unprogrammed default
   500                           ;	Table Read Protection bit
   501                           ;	EBTR3 = 0x1, unprogrammed default
   502   30000C                     	org	3145740
   503   30000C  0F                 	db	15
   504                           
   505                           ;Config register CONFIG7H @ 0x30000D
   506                           ;	unspecified, using default values
   507                           ;	Boot Block Table Read Protection bit
   508                           ;	EBTRB = 0x1, unprogrammed default
   509   30000D                     	org	3145741
   510   30000D  40                 	db	64
   511                           tosu	equ	0xFFF
   512                           tosh	equ	0xFFE
   513                           tosl	equ	0xFFD
   514                           stkptr	equ	0xFFC
   515                           pclatu	equ	0xFFB
   516                           pclath	equ	0xFFA
   517                           pcl	equ	0xFF9
   518                           tblptru	equ	0xFF8
   519                           tblptrh	equ	0xFF7
   520                           tblptrl	equ	0xFF6
   521                           tablat	equ	0xFF5
   522                           prodh	equ	0xFF4
   523                           prodl	equ	0xFF3
   524                           indf0	equ	0xFEF
   525                           postinc0	equ	0xFEE
   526                           postdec0	equ	0xFED
   527                           preinc0	equ	0xFEC
   528                           plusw0	equ	0xFEB
   529                           fsr0h	equ	0xFEA
   530                           fsr0l	equ	0xFE9
   531                           wreg	equ	0xFE8
   532                           indf1	equ	0xFE7
   533                           postinc1	equ	0xFE6
   534                           postdec1	equ	0xFE5
   535                           preinc1	equ	0xFE4
   536                           plusw1	equ	0xFE3
   537                           fsr1h	equ	0xFE2
   538                           fsr1l	equ	0xFE1
   539                           bsr	equ	0xFE0
   540                           indf2	equ	0xFDF
   541                           postinc2	equ	0xFDE
   542                           postdec2	equ	0xFDD
   543                           preinc2	equ	0xFDC
   544                           plusw2	equ	0xFDB
   545                           fsr2h	equ	0xFDA
   546                           fsr2l	equ	0xFD9
   547                           status	equ	0xFD8

Data Sizes:
    Strings     0
    Constant    0
    Data        0
    BSS         4
    Persistent  0
    Stack       0

Auto Spaces:
    Space          Size  Autos    Used
    COMRAM           94      0       4
    BANK0           160      0       0
    BANK1           256      0       0
    BANK2           256      0       0
    BANK3           256      0       0
    BANK4           256      0       0
    BANK5           256      0       0
    BANK6           256      0       0
    BANK7           256      0       0

Pointer List with Targets:

    None.

Critical Paths under _main in COMRAM

    None.

Critical Paths under _buzzbeep in COMRAM

    None.

Critical Paths under _main in BANK0

    None.

Critical Paths under _buzzbeep in BANK0

    None.

Critical Paths under _main in BANK1

    None.

Critical Paths under _buzzbeep in BANK1

    None.

Critical Paths under _main in BANK2

    None.

Critical Paths under _buzzbeep in BANK2

    None.

Critical Paths under _main in BANK3

    None.

Critical Paths under _buzzbeep in BANK3

    None.

Critical Paths under _main in BANK4

    None.

Critical Paths under _buzzbeep in BANK4

    None.

Critical Paths under _main in BANK5

    None.

Critical Paths under _buzzbeep in BANK5

    None.

Critical Paths under _main in BANK6

    None.

Critical Paths under _buzzbeep in BANK6

    None.

Critical Paths under _main in BANK7

    None.

Critical Paths under _buzzbeep in BANK7

    None.

Call Graph Tables:

 ---------------------------------------------------------------------------------
 (Depth) Function   	        Calls       Base Space   Used Autos Params    Refs
 ---------------------------------------------------------------------------------
 (0) _main                                                 0     0      0       0
 ---------------------------------------------------------------------------------
 Estimated maximum stack depth 0
 ---------------------------------------------------------------------------------
 (Depth) Function   	        Calls       Base Space   Used Autos Params    Refs
 ---------------------------------------------------------------------------------
 (1) _buzzbeep                                             0     0      0       0
 ---------------------------------------------------------------------------------
 Estimated maximum stack depth 1
 ---------------------------------------------------------------------------------

 Call Graph Graphs:

 _main (ROOT)

 _buzzbeep (ROOT)

 Address spaces:
Name               Size   Autos  Total    Cost      Usage
BIGRAM             7FF      0       0      27        0.0%
EEDATA             100      0       0       0        0.0%
BITBANK7           100      0       0      19        0.0%
BANK7              100      0       0      20        0.0%
BITBANK6           100      0       0      17        0.0%
BANK6              100      0       0      18        0.0%
BITBANK5           100      0       0      15        0.0%
BANK5              100      0       0      16        0.0%
BITBANK4           100      0       0      13        0.0%
BANK4              100      0       0      14        0.0%
BITBANK3           100      0       0      11        0.0%
BANK3              100      0       0      12        0.0%
BITBANK2           100      0       0       9        0.0%
BANK2              100      0       0      10        0.0%
BITBANK1           100      0       0       7        0.0%
BANK1              100      0       0       8        0.0%
BITBANK0            A0      0       0       5        0.0%
BANK0               A0      0       0       6        0.0%
BITCOMRAM           5E      0       0       0        0.0%
COMRAM              5E      0       4       1        4.3%
BITBIGSFRhl         2E      0       0      23        0.0%
BITBIGSFRhhl        22      0       0      22        0.0%
BITBIGSFRll         20      0       0      26        0.0%
BITBIGSFRlhl        11      0       0      25        0.0%
BITBIGSFRhhh         D      0       0      21        0.0%
BITBIGSFRlhh         A      0       0      24        0.0%
BIGSFR               0      0       0     200        0.0%
BITSFR               0      0       0     200        0.0%
SFR                  0      0       0     200        0.0%
STACK                0      0       0       2        0.0%
NULL                 0      0       0       0        0.0%
ABS                  0      0       4       3        0.0%
DATA                 0      0       4       4        0.0%
CODE                 0      0       0       0        0.0%


Microchip Technology PIC18 Macro Assembler V2.41 build 20230208172133 
Symbol Table                                                                                   Tue Jun 06 20:46:17 2023

                     l33 08B6                       l34 08B6                      l740 08AA  
                    l750 08B4                      l742 08AC                      l744 08AE  
                    l736 08A4                      l746 08B0                      l738 08A8  
                    l748 08B2                     i2l28 08A0                     _TMR1 0FCE  
                   _main 08A4                     _buzz 0003                     btemp 0005  
                   start 080E             ___param_bank 0000                    ?_main 0000  
                  _T1CON 0FCD                    i2l720 0850                    i2l712 0814  
                  i2l730 0892                    i2l722 085A                    i2l714 0822  
                  i2l732 0896                    i2l724 086C                    i2l716 0834  
                  i2l734 0898                    i2l726 0880                    i2l718 0848  
                  i2l728 0888                    _count 0001                    ttemp5 0006  
                  ttemp6 0009                    ttemp7 000D                    status 0FD8  
                  wtemp8 0006          __initialization 08BE             __end_of_main 08BE  
                 ??_main 0000            __activetblptr 0000                   i2u1_40 0822  
                 i2u1_41 081E                   i2u2_40 0834                   i2u2_41 0830  
                 i2u3_40 0848                   i2u3_41 0844                   i2u4_40 086C  
                 i2u4_41 0868                   i2u5_40 0880                   i2u5_41 087C  
       __end_of_buzzbeep 08A4                   isa$std 0001               __accesstop 0060  
__end_of__initialization 08C6            ___rparam_used 0001           __pcstackCOMRAM 0000  
              ?_buzzbeep 0000                  __Hparam 0000                  __Lparam 0000  
                __pcinit 08BE                  __ramtop 0800                  __ptext0 08A4  
              _T1CONbits 0FCD           __pintcode_body 0812     end_of_initialization 08C6  
                int_func 0812               ??_buzzbeep 0000                _PORTAbits 0F80  
              _TRISAbits 0F92      start_initialization 08BE              __pbssCOMRAM 0001  
              __pintcode 0808                 _PIE1bits 0F9D                 _PIR1bits 0F9E  
               __Hrparam 0000                 __Lrparam 0000                 _buzzbeep 0808  
               isa$xinst 0000                 int$flags 0005               _INTCONbits 0FF2  
               intlevel2 0000  
