

Microchip MPLAB XC8 Assembler V2.41 build 20230208172133 
                                                                                               Tue Jun 06 21:28:41 2023

Microchip MPLAB XC8 C Compiler v2.41 (Free license) build 20230208172133 Og1 
     1                           	processor	18F4550
     2                           	fnconf	rparam,??,?,0
     3                           	pagewidth 120
     4                           	opt	flic
     5                           	psect	cinit,global,reloc=2,class=CODE,delta=1
     6                           	psect	cstackCOMRAM,global,class=COMRAM,space=1,delta=1,lowdata,noexec
     7                           	psect	text0,global,reloc=2,class=CODE,delta=1
     8                           	psect	intcode,global,reloc=2,class=CODE,delta=1
     9                           	psect	intcode_body,global,reloc=2,class=CODE,delta=1
    10                           	psect	text2,global,reloc=2,class=CODE,delta=1
    11                           	psect	intsave_regs,global,class=BIGRAM,space=1,delta=1,noexec
    12                           	psect	rparam,global,class=COMRAM,space=1,delta=1,noexec
    13                           	psect	temp,global,ovrld,common,class=COMRAM,space=1,delta=1
    14                           	psect	idloc,global,abs,ovrld,class=IDLOC,space=5,delta=1,noexec
    15                           	psect	config,global,abs,ovrld,class=CONFIG,space=4,delta=1,noexec
    16   000000                     
    17                           ; Version 2.40
    18                           ; Generated 17/11/2021 GMT
    19                           ; 
    20                           ; Copyright © 2021, Microchip Technology Inc. and its subsidiaries ("Microchip")
    21                           ; All rights reserved.
    22                           ; 
    23                           ; This software is developed by Microchip Technology Inc. and its subsidiaries ("Microch
      +                          ip").
    24                           ; 
    25                           ; Redistribution and use in source and binary forms, with or without modification, are
    26                           ; permitted provided that the following conditions are met:
    27                           ; 
    28                           ;     1. Redistributions of source code must retain the above copyright notice, this lis
      +                          t of
    29                           ;        conditions and the following disclaimer.
    30                           ; 
    31                           ;     2. Redistributions in binary form must reproduce the above copyright notice, this 
      +                          list
    32                           ;        of conditions and the following disclaimer in the documentation and/or other
    33                           ;        materials provided with the distribution. Publication is not required when
    34                           ;        this file is used in an embedded application.
    35                           ; 
    36                           ;     3. Microchip's name may not be used to endorse or promote products derived from th
      +                          is
    37                           ;        software without specific prior written permission.
    38                           ; 
    39                           ; THIS SOFTWARE IS PROVIDED BY MICROCHIP "AS IS" AND ANY EXPRESS OR IMPLIED WARRANTIES,
    40                           ; INCLUDING, BUT NOT LIMITED TO, THE IMPLIED WARRANTIES OF MERCHANTABILITY AND FITNESS F
      +                          OR
    41                           ; PURPOSE ARE DISCLAIMED.  IN NO EVENT SHALL MICROCHIP BE LIABLE FOR ANY DIRECT, INDIREC
      +                          T,
    42                           ; INCIDENTAL, SPECIAL, EXEMPLARY, OR CONSEQUENTIAL DAMAGES (INCLUDING BUT NOT LIMITED TO
    43                           ; PROCUREMENT OF SUBSTITUTE GOODS OR SERVICES; LOSS OF USE, DATA OR PROFITS; OR BUSINESS
    44                           ; INTERRUPTION) HOWSOEVER CAUSED AND ON ANY THEORY OF LIABILITY, WHETHER IN CONTRACT, ST
      +                          RICT
    45                           ; LIABILITY, OR TORT (INCLUDING NEGLIGENCE OR OTHERWISE) ARISING IN ANY WAY OUT OF THE U
      +                          SE OF
    46                           ; THIS SOFTWARE, EVEN IF ADVISED OF THE POSSIBILITY OF SUCH DAMAGE.
    47                           ; 
    48                           ; 
    49                           ; Code-generator required, PIC18F4550 Definitions
    50                           ; 
    51                           ; SFR Addresses
    52   000000                     _INTCON2bits	set	4081
    53   000000                     _INTCONbits	set	4082
    54   000000                     _PORTAbits	set	3968
    55   000000                     _INTCON3bits	set	4080
    56   000000                     _TRISAbits	set	3986
    57   000000                     _TRISBbits	set	3987
    58                           
    59                           ; #config settings
    60                           
    61                           	psect	cinit
    62   00009C                     __pcinit:
    63                           	callstack 0
    64   00009C                     start_initialization:
    65                           	callstack 0
    66   00009C                     __initialization:
    67                           	callstack 0
    68   00009C                     end_of_initialization:
    69                           	callstack 0
    70   00009C                     __end_of__initialization:
    71                           	callstack 0
    72   00009C  9005               	bcf	int$flags,0,c	;clear compiler interrupt flag (level 1)
    73   00009E  9205               	bcf	int$flags,1,c	;clear compiler interrupt flag (level 2)
    74   0000A0  0100               	movlb	0
    75   0000A2  EF43  F000         	goto	_main	;jump to C main() function
    76                           
    77                           	psect	cstackCOMRAM
    78   000001                     __pcstackCOMRAM:
    79                           	callstack 0
    80   000001                     delay@i:
    81                           	callstack 0
    82                           
    83                           ; 2 bytes @ 0x0
    84   000001                     	ds	2
    85   000003                     delay@j:
    86                           	callstack 0
    87                           
    88                           ; 2 bytes @ 0x2
    89   000003                     	ds	2
    90   000005                     
    91                           ; 1 bytes @ 0x4
    92 ;;
    93 ;;Main: autosize = 0, tempsize = 0, incstack = 0, save=0
    94 ;;
    95 ;; *************** function _main *****************
    96 ;; Defined at:
    97 ;;		line 29 in file "a6.c"
    98 ;; Parameters:    Size  Location     Type
    99 ;;		None
   100 ;; Auto vars:     Size  Location     Type
   101 ;;		None
   102 ;; Return value:  Size  Location     Type
   103 ;;                  2   29[None  ] int 
   104 ;; Registers used:
   105 ;;		None
   106 ;; Tracked objects:
   107 ;;		On entry : 0/0
   108 ;;		On exit  : 0/0
   109 ;;		Unchanged: 0/0
   110 ;; Data sizes:     COMRAM   BANK0   BANK1   BANK2   BANK3   BANK4   BANK5   BANK6   BANK7
   111 ;;      Params:         0       0       0       0       0       0       0       0       0
   112 ;;      Locals:         0       0       0       0       0       0       0       0       0
   113 ;;      Temps:          0       0       0       0       0       0       0       0       0
   114 ;;      Totals:         0       0       0       0       0       0       0       0       0
   115 ;;Total ram usage:        0 bytes
   116 ;; Hardware stack levels required when called: 2
   117 ;; This function calls:
   118 ;;		Nothing
   119 ;; This function is called by:
   120 ;;		Startup code after reset
   121 ;; This function uses a non-reentrant model
   122 ;;
   123                           
   124                           	psect	text0
   125   000086                     __ptext0:
   126                           	callstack 0
   127   000086                     _main:
   128                           	callstack 29
   129   000086                     
   130                           ;a6.c: 30:     TRISAbits.TRISA4=0;
   131   000086  9892               	bcf	146,4,c	;volatile
   132                           
   133                           ;a6.c: 31:     TRISBbits.TRISB1=1;
   134   000088  8293               	bsf	147,1,c	;volatile
   135                           
   136                           ;a6.c: 32:     INTCON2bits.INTEDG1=0;
   137   00008A  9AF1               	bcf	241,5,c	;volatile
   138                           
   139                           ;a6.c: 33:     INTCON3bits.INT1IF=0;
   140   00008C  90F0               	bcf	240,0,c	;volatile
   141                           
   142                           ;a6.c: 34:     INTCON3bits.INT1IE=1;
   143   00008E  86F0               	bsf	240,3,c	;volatile
   144                           
   145                           ;a6.c: 35:     INTCONbits.PEIE=1;
   146   000090  8CF2               	bsf	242,6,c	;volatile
   147                           
   148                           ;a6.c: 36:     INTCONbits.GIE=1;
   149   000092  8EF2               	bsf	242,7,c	;volatile
   150   000094                     l30:
   151   000094  EF4A  F000         	goto	l30
   152   000098  EF07  F000         	goto	start
   153   00009C                     __end_of_main:
   154                           	callstack 0
   155                           
   156 ;; *************** function _relay *****************
   157 ;; Defined at:
   158 ;;		line 17 in file "a6.c"
   159 ;; Parameters:    Size  Location     Type
   160 ;;		None
   161 ;; Auto vars:     Size  Location     Type
   162 ;;		None
   163 ;; Return value:  Size  Location     Type
   164 ;;                  1    wreg      void 
   165 ;; Registers used:
   166 ;;		wreg, status,2, status,0, cstack
   167 ;; Tracked objects:
   168 ;;		On entry : 0/0
   169 ;;		On exit  : 0/0
   170 ;;		Unchanged: 0/0
   171 ;; Data sizes:     COMRAM   BANK0   BANK1   BANK2   BANK3   BANK4   BANK5   BANK6   BANK7
   172 ;;      Params:         0       0       0       0       0       0       0       0       0
   173 ;;      Locals:         0       0       0       0       0       0       0       0       0
   174 ;;      Temps:          0       0       0       0       0       0       0       0       0
   175 ;;      Totals:         0       0       0       0       0       0       0       0       0
   176 ;;Total ram usage:        0 bytes
   177 ;; Hardware stack levels used: 1
   178 ;; Hardware stack levels required when called: 1
   179 ;; This function calls:
   180 ;;		_delay
   181 ;; This function is called by:
   182 ;;		Interrupt level 2
   183 ;; This function uses a non-reentrant model
   184 ;;
   185                           
   186                           	psect	intcode
   187   000008                     __pintcode:
   188                           	callstack 0
   189   000008                     _relay:
   190                           	callstack 29
   191                           
   192                           ;incstack = 0
   193   000008  8205               	bsf	int$flags,1,c	;set compiler interrupt flag (level 2)
   194   00000A  ED32  F000         	call	int_func,f	;refresh shadow registers
   195                           
   196                           	psect	intcode_body
   197   000064                     __pintcode_body:
   198                           	callstack 29
   199   000064                     int_func:
   200                           	callstack 29
   201   000064  0006               	pop		; remove dummy address from shadow register refresh
   202   000066                     
   203                           ;a6.c: 19:     if(INTCON3bits.INT1IF==1){
   204   000066  A0F0               	btfss	240,0,c	;volatile
   205   000068  EF38  F000         	goto	i2u3_41
   206   00006C  EF3A  F000         	goto	i2u3_40
   207   000070                     i2u3_41:
   208   000070  EF3F  F000         	goto	i2l737
   209   000074                     i2u3_40:
   210   000074                     
   211                           ;a6.c: 20:         INTCONbits.GIE=0;
   212   000074  9EF2               	bcf	242,7,c	;volatile
   213                           
   214                           ;a6.c: 21:         PORTAbits.RA4=1;
   215   000076  8880               	bsf	128,4,c	;volatile
   216   000078                     
   217                           ;a6.c: 22:         delay();
   218   000078  EC09  F000         	call	_delay	;wreg free
   219   00007C                     
   220                           ;a6.c: 23:         PORTAbits.RA4=0;
   221   00007C  9880               	bcf	128,4,c	;volatile
   222   00007E                     i2l737:
   223                           
   224                           ;a6.c: 25:     INTCON3bits.INT1IF=0;
   225   00007E  90F0               	bcf	240,0,c	;volatile
   226   000080                     
   227                           ;a6.c: 26:     INTCONbits.GIE=1;
   228   000080  8EF2               	bsf	242,7,c	;volatile
   229   000082  9205               	bcf	int$flags,1,c	;clear compiler interrupt flag (level 2)
   230   000084  0011               	retfie		f
   231   000086                     __end_of_relay:
   232                           	callstack 0
   233                           
   234 ;; *************** function _delay *****************
   235 ;; Defined at:
   236 ;;		line 10 in file "a6.c"
   237 ;; Parameters:    Size  Location     Type
   238 ;;		None
   239 ;; Auto vars:     Size  Location     Type
   240 ;;  j               2    2[COMRAM] int 
   241 ;;  i               2    0[COMRAM] int 
   242 ;; Return value:  Size  Location     Type
   243 ;;                  1    wreg      void 
   244 ;; Registers used:
   245 ;;		wreg, status,2, status,0
   246 ;; Tracked objects:
   247 ;;		On entry : 0/0
   248 ;;		On exit  : 0/0
   249 ;;		Unchanged: 0/0
   250 ;; Data sizes:     COMRAM   BANK0   BANK1   BANK2   BANK3   BANK4   BANK5   BANK6   BANK7
   251 ;;      Params:         0       0       0       0       0       0       0       0       0
   252 ;;      Locals:         4       0       0       0       0       0       0       0       0
   253 ;;      Temps:          0       0       0       0       0       0       0       0       0
   254 ;;      Totals:         4       0       0       0       0       0       0       0       0
   255 ;;Total ram usage:        4 bytes
   256 ;; Hardware stack levels used: 1
   257 ;; This function calls:
   258 ;;		Nothing
   259 ;; This function is called by:
   260 ;;		_relay
   261 ;; This function uses a non-reentrant model
   262 ;;
   263                           
   264                           	psect	text2
   265   000012                     __ptext2:
   266                           	callstack 0
   267   000012                     _delay:
   268                           	callstack 29
   269   000012                     
   270                           ;a6.c: 11:     for(int i=0;i<2000;i++){
   271   000012  0E00               	movlw	0
   272   000014  6E02               	movwf	(delay@i+1)^0,c
   273   000016  0E00               	movlw	0
   274   000018  6E01               	movwf	delay@i^0,c
   275   00001A                     i2l715:
   276                           
   277                           ;a6.c: 12:         for(int j=0;j<2000;j++);
   278   00001A  0E00               	movlw	0
   279   00001C  6E04               	movwf	(delay@j+1)^0,c
   280   00001E  0E00               	movlw	0
   281   000020  6E03               	movwf	delay@j^0,c
   282   000022                     i2l721:
   283   000022  4A03               	infsnz	delay@j^0,f,c
   284   000024  2A04               	incf	(delay@j+1)^0,f,c
   285   000026  BE04               	btfsc	(delay@j+1)^0,7,c
   286   000028  EF1F  F000         	goto	i2u1_41
   287   00002C  0ED0               	movlw	208
   288   00002E  5C03               	subwf	delay@j^0,w,c
   289   000030  0E07               	movlw	7
   290   000032  5804               	subwfb	(delay@j+1)^0,w,c
   291   000034  A0D8               	btfss	status,0,c
   292   000036  EF1F  F000         	goto	i2u1_41
   293   00003A  EF21  F000         	goto	i2u1_40
   294   00003E                     i2u1_41:
   295   00003E  EF11  F000         	goto	i2l721
   296   000042                     i2u1_40:
   297   000042                     
   298                           ;a6.c: 13:     }
   299   000042  4A01               	infsnz	delay@i^0,f,c
   300   000044  2A02               	incf	(delay@i+1)^0,f,c
   301   000046  BE02               	btfsc	(delay@i+1)^0,7,c
   302   000048  EF2F  F000         	goto	i2u2_41
   303   00004C  0ED0               	movlw	208
   304   00004E  5C01               	subwf	delay@i^0,w,c
   305   000050  0E07               	movlw	7
   306   000052  5802               	subwfb	(delay@i+1)^0,w,c
   307   000054  A0D8               	btfss	status,0,c
   308   000056  EF2F  F000         	goto	i2u2_41
   309   00005A  EF31  F000         	goto	i2u2_40
   310   00005E                     i2u2_41:
   311   00005E  EF0D  F000         	goto	i2l715
   312   000062                     i2u2_40:
   313   000062  0012               	return		;funcret
   314   000064                     __end_of_delay:
   315                           	callstack 0
   316   000000                     
   317                           	psect	rparam
   318   000000                     
   319                           	psect	temp
   320   000005                     btemp:
   321                           	callstack 0
   322   000005                     	ds	1
   323   000000                     int$flags	set	btemp
   324   000000                     wtemp8	set	btemp+1
   325   000000                     ttemp5	set	btemp+1
   326   000000                     ttemp6	set	btemp+4
   327   000000                     ttemp7	set	btemp+8
   328                           
   329                           	psect	idloc
   330                           
   331                           ;Config register IDLOC0 @ 0x200000
   332                           ;	unspecified, using default values
   333   200000                     	org	2097152
   334   200000  FF                 	db	255
   335                           
   336                           ;Config register IDLOC1 @ 0x200001
   337                           ;	unspecified, using default values
   338   200001                     	org	2097153
   339   200001  FF                 	db	255
   340                           
   341                           ;Config register IDLOC2 @ 0x200002
   342                           ;	unspecified, using default values
   343   200002                     	org	2097154
   344   200002  FF                 	db	255
   345                           
   346                           ;Config register IDLOC3 @ 0x200003
   347                           ;	unspecified, using default values
   348   200003                     	org	2097155
   349   200003  FF                 	db	255
   350                           
   351                           ;Config register IDLOC4 @ 0x200004
   352                           ;	unspecified, using default values
   353   200004                     	org	2097156
   354   200004  FF                 	db	255
   355                           
   356                           ;Config register IDLOC5 @ 0x200005
   357                           ;	unspecified, using default values
   358   200005                     	org	2097157
   359   200005  FF                 	db	255
   360                           
   361                           ;Config register IDLOC6 @ 0x200006
   362                           ;	unspecified, using default values
   363   200006                     	org	2097158
   364   200006  FF                 	db	255
   365                           
   366                           ;Config register IDLOC7 @ 0x200007
   367                           ;	unspecified, using default values
   368   200007                     	org	2097159
   369   200007  FF                 	db	255
   370                           
   371                           	psect	config
   372                           
   373                           ;Config register CONFIG1L @ 0x300000
   374                           ;	unspecified, using default values
   375                           ;	PLL Prescaler Selection bits
   376                           ;	PLLDIV = 0x0, unprogrammed default
   377                           ;	System Clock Postscaler Selection bits
   378                           ;	CPUDIV = 0x0, unprogrammed default
   379                           ;	USB Clock Selection bit (used in Full-Speed USB mode only; UCFG:FSEN = 1)
   380                           ;	USBDIV = 0x0, unprogrammed default
   381   300000                     	org	3145728
   382   300000  00                 	db	0
   383                           
   384                           ;Config register CONFIG1H @ 0x300001
   385                           ;	unspecified, using default values
   386                           ;	Oscillator Selection bits
   387                           ;	FOSC = 0x5, unprogrammed default
   388                           ;	Fail-Safe Clock Monitor Enable bit
   389                           ;	FCMEN = 0x0, unprogrammed default
   390                           ;	Internal/External Oscillator Switchover bit
   391                           ;	IESO = 0x0, unprogrammed default
   392   300001                     	org	3145729
   393   300001  05                 	db	5
   394                           
   395                           ;Config register CONFIG2L @ 0x300002
   396                           ;	unspecified, using default values
   397                           ;	Power-up Timer Enable bit
   398                           ;	PWRT = 0x1, unprogrammed default
   399                           ;	Brown-out Reset Enable bits
   400                           ;	BOR = 0x3, unprogrammed default
   401                           ;	Brown-out Reset Voltage bits
   402                           ;	BORV = 0x3, unprogrammed default
   403                           ;	USB Voltage Regulator Enable bit
   404                           ;	VREGEN = 0x0, unprogrammed default
   405   300002                     	org	3145730
   406   300002  1F                 	db	31
   407                           
   408                           ;Config register CONFIG2H @ 0x300003
   409                           ;	unspecified, using default values
   410                           ;	Watchdog Timer Enable bit
   411                           ;	WDT = 0x1, unprogrammed default
   412                           ;	Watchdog Timer Postscale Select bits
   413                           ;	WDTPS = 0xF, unprogrammed default
   414   300003                     	org	3145731
   415   300003  1F                 	db	31
   416                           
   417                           ; Padding undefined space
   418   300004                     	org	3145732
   419   300004  FF                 	db	255
   420                           
   421                           ;Config register CONFIG3H @ 0x300005
   422                           ;	unspecified, using default values
   423                           ;	CCP2 MUX bit
   424                           ;	CCP2MX = 0x1, unprogrammed default
   425                           ;	PORTB A/D Enable bit
   426                           ;	PBADEN = 0x1, unprogrammed default
   427                           ;	Low-Power Timer 1 Oscillator Enable bit
   428                           ;	LPT1OSC = 0x0, unprogrammed default
   429                           ;	MCLR Pin Enable bit
   430                           ;	MCLRE = 0x1, unprogrammed default
   431   300005                     	org	3145733
   432   300005  83                 	db	131
   433                           
   434                           ;Config register CONFIG4L @ 0x300006
   435                           ;	unspecified, using default values
   436                           ;	Stack Full/Underflow Reset Enable bit
   437                           ;	STVREN = 0x1, unprogrammed default
   438                           ;	Single-Supply ICSP Enable bit
   439                           ;	LVP = 0x1, unprogrammed default
   440                           ;	Dedicated In-Circuit Debug/Programming Port (ICPORT) Enable bit
   441                           ;	ICPRT = 0x0, unprogrammed default
   442                           ;	Extended Instruction Set Enable bit
   443                           ;	XINST = 0x0, unprogrammed default
   444                           ;	Background Debugger Enable bit
   445                           ;	DEBUG = 0x1, unprogrammed default
   446   300006                     	org	3145734
   447   300006  85                 	db	133
   448                           
   449                           ; Padding undefined space
   450   300007                     	org	3145735
   451   300007  FF                 	db	255
   452                           
   453                           ;Config register CONFIG5L @ 0x300008
   454                           ;	unspecified, using default values
   455                           ;	Code Protection bit
   456                           ;	CP0 = 0x1, unprogrammed default
   457                           ;	Code Protection bit
   458                           ;	CP1 = 0x1, unprogrammed default
   459                           ;	Code Protection bit
   460                           ;	CP2 = 0x1, unprogrammed default
   461                           ;	Code Protection bit
   462                           ;	CP3 = 0x1, unprogrammed default
   463   300008                     	org	3145736
   464   300008  0F                 	db	15
   465                           
   466                           ;Config register CONFIG5H @ 0x300009
   467                           ;	unspecified, using default values
   468                           ;	Boot Block Code Protection bit
   469                           ;	CPB = 0x1, unprogrammed default
   470                           ;	Data EEPROM Code Protection bit
   471                           ;	CPD = 0x1, unprogrammed default
   472   300009                     	org	3145737
   473   300009  C0                 	db	192
   474                           
   475                           ;Config register CONFIG6L @ 0x30000A
   476                           ;	unspecified, using default values
   477                           ;	Write Protection bit
   478                           ;	WRT0 = 0x1, unprogrammed default
   479                           ;	Write Protection bit
   480                           ;	WRT1 = 0x1, unprogrammed default
   481                           ;	Write Protection bit
   482                           ;	WRT2 = 0x1, unprogrammed default
   483                           ;	Write Protection bit
   484                           ;	WRT3 = 0x1, unprogrammed default
   485   30000A                     	org	3145738
   486   30000A  0F                 	db	15
   487                           
   488                           ;Config register CONFIG6H @ 0x30000B
   489                           ;	unspecified, using default values
   490                           ;	Configuration Register Write Protection bit
   491                           ;	WRTC = 0x1, unprogrammed default
   492                           ;	Boot Block Write Protection bit
   493                           ;	WRTB = 0x1, unprogrammed default
   494                           ;	Data EEPROM Write Protection bit
   495                           ;	WRTD = 0x1, unprogrammed default
   496   30000B                     	org	3145739
   497   30000B  E0                 	db	224
   498                           
   499                           ;Config register CONFIG7L @ 0x30000C
   500                           ;	unspecified, using default values
   501                           ;	Table Read Protection bit
   502                           ;	EBTR0 = 0x1, unprogrammed default
   503                           ;	Table Read Protection bit
   504                           ;	EBTR1 = 0x1, unprogrammed default
   505                           ;	Table Read Protection bit
   506                           ;	EBTR2 = 0x1, unprogrammed default
   507                           ;	Table Read Protection bit
   508                           ;	EBTR3 = 0x1, unprogrammed default
   509   30000C                     	org	3145740
   510   30000C  0F                 	db	15
   511                           
   512                           ;Config register CONFIG7H @ 0x30000D
   513                           ;	unspecified, using default values
   514                           ;	Boot Block Table Read Protection bit
   515                           ;	EBTRB = 0x1, unprogrammed default
   516   30000D                     	org	3145741
   517   30000D  40                 	db	64
   518                           tosu	equ	0xFFF
   519                           tosh	equ	0xFFE
   520                           tosl	equ	0xFFD
   521                           stkptr	equ	0xFFC
   522                           pclatu	equ	0xFFB
   523                           pclath	equ	0xFFA
   524                           pcl	equ	0xFF9
   525                           tblptru	equ	0xFF8
   526                           tblptrh	equ	0xFF7
   527                           tblptrl	equ	0xFF6
   528                           tablat	equ	0xFF5
   529                           prodh	equ	0xFF4
   530                           prodl	equ	0xFF3
   531                           indf0	equ	0xFEF
   532                           postinc0	equ	0xFEE
   533                           postdec0	equ	0xFED
   534                           preinc0	equ	0xFEC
   535                           plusw0	equ	0xFEB
   536                           fsr0h	equ	0xFEA
   537                           fsr0l	equ	0xFE9
   538                           wreg	equ	0xFE8
   539                           indf1	equ	0xFE7
   540                           postinc1	equ	0xFE6
   541                           postdec1	equ	0xFE5
   542                           preinc1	equ	0xFE4
   543                           plusw1	equ	0xFE3
   544                           fsr1h	equ	0xFE2
   545                           fsr1l	equ	0xFE1
   546                           bsr	equ	0xFE0
   547                           indf2	equ	0xFDF
   548                           postinc2	equ	0xFDE
   549                           postdec2	equ	0xFDD
   550                           preinc2	equ	0xFDC
   551                           plusw2	equ	0xFDB
   552                           fsr2h	equ	0xFDA
   553                           fsr2l	equ	0xFD9
   554                           status	equ	0xFD8

Data Sizes:
    Strings     0
    Constant    0
    Data        0
    BSS         0
    Persistent  0
    Stack       0

Auto Spaces:
    Space          Size  Autos    Used
    COMRAM           94      4       4
    BANK0           160      0       0
    BANK1           256      0       0
    BANK2           256      0       0
    BANK3           256      0       0
    BANK4           256      0       0
    BANK5           256      0       0
    BANK6           256      0       0
    BANK7           256      0       0

Pointer List with Targets:

    None.

Critical Paths under _main in COMRAM

    None.

Critical Paths under _relay in COMRAM

    _relay->_delay

Critical Paths under _main in BANK0

    None.

Critical Paths under _relay in BANK0

    None.

Critical Paths under _main in BANK1

    None.

Critical Paths under _relay in BANK1

    None.

Critical Paths under _main in BANK2

    None.

Critical Paths under _relay in BANK2

    None.

Critical Paths under _main in BANK3

    None.

Critical Paths under _relay in BANK3

    None.

Critical Paths under _main in BANK4

    None.

Critical Paths under _relay in BANK4

    None.

Critical Paths under _main in BANK5

    None.

Critical Paths under _relay in BANK5

    None.

Critical Paths under _main in BANK6

    None.

Critical Paths under _relay in BANK6

    None.

Critical Paths under _main in BANK7

    None.

Critical Paths under _relay in BANK7

    None.

Call Graph Tables:

 ---------------------------------------------------------------------------------
 (Depth) Function   	        Calls       Base Space   Used Autos Params    Refs
 ---------------------------------------------------------------------------------
 (0) _main                                                 0     0      0       0
 ---------------------------------------------------------------------------------
 Estimated maximum stack depth 0
 ---------------------------------------------------------------------------------
 (Depth) Function   	        Calls       Base Space   Used Autos Params    Refs
 ---------------------------------------------------------------------------------
 (1) _relay                                                0     0      0      60
                              _delay
 ---------------------------------------------------------------------------------
 (2) _delay                                                4     4      0      60
                                              0 COMRAM     4     4      0
 ---------------------------------------------------------------------------------
 Estimated maximum stack depth 2
 ---------------------------------------------------------------------------------

 Call Graph Graphs:

 _main (ROOT)

 _relay (ROOT)
   _delay

 Address spaces:
Name               Size   Autos  Total    Cost      Usage
BITCOMRAM           5E      0       0       0        0.0%
EEDATA             100      0       0       0        0.0%
NULL                 0      0       0       0        0.0%
CODE                 0      0       0       0        0.0%
COMRAM              5E      4       4       1        4.3%
STACK                0      0       0       2        0.0%
DATA                 0      0       0       3        0.0%
BITBANK0            A0      0       0       4        0.0%
BANK0               A0      0       0       5        0.0%
BITBANK1           100      0       0       6        0.0%
BANK1              100      0       0       7        0.0%
BITBANK2           100      0       0       8        0.0%
BANK2              100      0       0       9        0.0%
BITBANK3           100      0       0      10        0.0%
BANK3              100      0       0      11        0.0%
BITBANK4           100      0       0      12        0.0%
BANK4              100      0       0      13        0.0%
BITBANK5           100      0       0      14        0.0%
BANK5              100      0       0      15        0.0%
BITBANK6           100      0       0      16        0.0%
BANK6              100      0       0      17        0.0%
BITBANK7           100      0       0      18        0.0%
BANK7              100      0       0      19        0.0%
BITBIGSFRhh          D      0       0      20        0.0%
BITBIGSFRlhh        5C      0       0      21        0.0%
BITBIGSFRlhl        11      0       0      22        0.0%
BITBIGSFRll         20      0       0      23        0.0%
ABS                  0      0       0      24        0.0%
BIGRAM             7FF      0       0      25        0.0%
BIGSFR               0      0       0     200        0.0%
BITSFR               0      0       0     200        0.0%
SFR                  0      0       0     200        0.0%


Microchip Technology PIC18 Macro Assembler V2.41 build 20230208172133 
Symbol Table                                                                                   Tue Jun 06 21:28:41 2023

                     l30 0094                       l31 0094                      l741 0086  
                   i2l25 0082                     i2l19 0062                     _main 0086  
                   btemp 0005                     start 000E             ___param_bank 0000  
                  ?_main 0001                    i2l721 0022                    i2l723 0026  
                  i2l715 001A                    i2l731 0074                    i2l725 0042  
                  i2l709 0012                    i2l733 0078                    i2l727 0046  
                  i2l735 007C                    i2l737 007E                    i2l729 0066  
                  i2l739 0080                    _delay 0012                    _relay 0008  
                  ttemp5 0006                    ttemp6 0009                    ttemp7 000D  
                  status 0FD8                    wtemp8 0006          __initialization 009C  
           __end_of_main 009C                   ??_main 0005            __activetblptr 0000  
                 ?_delay 0001                   ?_relay 0001                   i2u1_40 0042  
                 i2u1_41 003E                   i2u2_40 0062                   i2u2_41 005E  
                 i2u3_40 0074                   i2u3_41 0070                   delay@i 0001  
                 delay@j 0003                   isa$std 0001               __accesstop 0060  
__end_of__initialization 009C            ___rparam_used 0001           __pcstackCOMRAM 0001  
          __end_of_delay 0064            __end_of_relay 0086                  ??_delay 0001  
                ??_relay 0005                  __Hparam 0000                  __Lparam 0000  
                __pcinit 009C                  __ramtop 0800                  __ptext0 0086  
                __ptext2 0012           __pintcode_body 0064     end_of_initialization 009C  
                int_func 0064                _PORTAbits 0F80                _TRISAbits 0F92  
              _TRISBbits 0F93      start_initialization 009C                __pintcode 0008  
            _INTCON2bits 0FF1              _INTCON3bits 0FF0                 __Hrparam 0000  
               __Lrparam 0000                 isa$xinst 0000                 int$flags 0005  
             _INTCONbits 0FF2                 intlevel2 0000  
