

Microchip MPLAB XC8 Assembler V2.41 build 20230208172133 
                                                                                               Fri Apr 28 08:03:15 2023

Microchip MPLAB XC8 C Compiler v2.41 (Free license) build 20230208172133 Og1 
     1                           	processor	18F458
     2                           	fnconf	rparam,??,?,0
     3                           	pagewidth 120
     4                           	opt	flic
     5                           	psect	cinit,global,reloc=2,class=CODE,delta=1
     6                           	psect	cstackCOMRAM,global,class=COMRAM,space=1,delta=1,lowdata,noexec
     7                           	psect	text0,global,reloc=2,class=CODE,delta=1
     8                           	psect	text1,global,reloc=2,class=CODE,delta=1
     9                           	psect	intsave_regs,global,class=BIGRAM,space=1,delta=1,noexec
    10                           	psect	rparam,global,class=COMRAM,space=1,delta=1,noexec
    11                           	psect	idloc,global,abs,ovrld,class=IDLOC,space=5,delta=1,noexec
    12                           	psect	config,global,abs,ovrld,class=CONFIG,space=4,delta=1,noexec
    13   000000                     
    14                           ; Version 2.40
    15                           ; Generated 17/11/2021 GMT
    16                           ; 
    17                           ; Copyright © 2021, Microchip Technology Inc. and its subsidiaries ("Microchip")
    18                           ; All rights reserved.
    19                           ; 
    20                           ; This software is developed by Microchip Technology Inc. and its subsidiaries ("Microch
      +                          ip").
    21                           ; 
    22                           ; Redistribution and use in source and binary forms, with or without modification, are
    23                           ; permitted provided that the following conditions are met:
    24                           ; 
    25                           ;     1. Redistributions of source code must retain the above copyright notice, this lis
      +                          t of
    26                           ;        conditions and the following disclaimer.
    27                           ; 
    28                           ;     2. Redistributions in binary form must reproduce the above copyright notice, this 
      +                          list
    29                           ;        of conditions and the following disclaimer in the documentation and/or other
    30                           ;        materials provided with the distribution. Publication is not required when
    31                           ;        this file is used in an embedded application.
    32                           ; 
    33                           ;     3. Microchip's name may not be used to endorse or promote products derived from th
      +                          is
    34                           ;        software without specific prior written permission.
    35                           ; 
    36                           ; THIS SOFTWARE IS PROVIDED BY MICROCHIP "AS IS" AND ANY EXPRESS OR IMPLIED WARRANTIES,
    37                           ; INCLUDING, BUT NOT LIMITED TO, THE IMPLIED WARRANTIES OF MERCHANTABILITY AND FITNESS F
      +                          OR
    38                           ; PURPOSE ARE DISCLAIMED.  IN NO EVENT SHALL MICROCHIP BE LIABLE FOR ANY DIRECT, INDIREC
      +                          T,
    39                           ; INCIDENTAL, SPECIAL, EXEMPLARY, OR CONSEQUENTIAL DAMAGES (INCLUDING BUT NOT LIMITED TO
    40                           ; PROCUREMENT OF SUBSTITUTE GOODS OR SERVICES; LOSS OF USE, DATA OR PROFITS; OR BUSINESS
    41                           ; INTERRUPTION) HOWSOEVER CAUSED AND ON ANY THEORY OF LIABILITY, WHETHER IN CONTRACT, ST
      +                          RICT
    42                           ; LIABILITY, OR TORT (INCLUDING NEGLIGENCE OR OTHERWISE) ARISING IN ANY WAY OUT OF THE U
      +                          SE OF
    43                           ; THIS SOFTWARE, EVEN IF ADVISED OF THE POSSIBILITY OF SUCH DAMAGE.
    44                           ; 
    45                           ; 
    46                           ; Code-generator required, PIC18F458 Definitions
    47                           ; 
    48                           ; SFR Addresses
    49   000000                     _T0CONbits	set	4053
    50   000000                     _PORTB	set	3969
    51   000000                     _TRISB	set	3987
    52   000000                     _T0CON	set	4053
    53   000000                     _TMR0	set	4054
    54   000000                     _INTCONbits	set	4082
    55                           
    56                           ; #config settings
    57                           
    58                           	psect	cinit
    59   003FB0                     __pcinit:
    60                           	callstack 0
    61   003FB0                     start_initialization:
    62                           	callstack 0
    63   003FB0                     __initialization:
    64                           	callstack 0
    65   003FB0                     end_of_initialization:
    66                           	callstack 0
    67   003FB0                     __end_of__initialization:
    68                           	callstack 0
    69   003FB0  0100               	movlb	0
    70   003FB2  EFDB  F01F         	goto	_main	;jump to C main() function
    71                           
    72                           	psect	cstackCOMRAM
    73   000000                     __pcstackCOMRAM:
    74                           	callstack 0
    75   000000                     
    76                           ; 1 bytes @ 0x0
    77 ;;
    78 ;;Main: autosize = 0, tempsize = 0, incstack = 0, save=0
    79 ;;
    80 ;; *************** function _main *****************
    81 ;; Defined at:
    82 ;;		line 3 in file "Ass4.c"
    83 ;; Parameters:    Size  Location     Type
    84 ;;		None
    85 ;; Auto vars:     Size  Location     Type
    86 ;;		None
    87 ;; Return value:  Size  Location     Type
    88 ;;                  1    wreg      void 
    89 ;; Registers used:
    90 ;;		wreg, status,2, status,0, cstack
    91 ;; Tracked objects:
    92 ;;		On entry : 0/0
    93 ;;		On exit  : 0/0
    94 ;;		Unchanged: 0/0
    95 ;; Data sizes:     COMRAM   BANK0   BANK1   BANK2   BANK3   BANK4   BANK5
    96 ;;      Params:         0       0       0       0       0       0       0
    97 ;;      Locals:         0       0       0       0       0       0       0
    98 ;;      Temps:          0       0       0       0       0       0       0
    99 ;;      Totals:         0       0       0       0       0       0       0
   100 ;;Total ram usage:        0 bytes
   101 ;; Hardware stack levels required when called: 1
   102 ;; This function calls:
   103 ;;		_Delay
   104 ;; This function is called by:
   105 ;;		Startup code after reset
   106 ;; This function uses a non-reentrant model
   107 ;;
   108                           
   109                           	psect	text0
   110   003FB6                     __ptext0:
   111                           	callstack 0
   112   003FB6                     _main:
   113                           	callstack 30
   114   003FB6  FFFF               	dw	65535	; assembler added errata NOP
   115                           
   116                           ;Ass4.c: 5:     TRISB = 0;
   117   003FB8  0E00               	movlw	0
   118   003FBA  6E93               	movwf	147,c	;volatile
   119                           
   120                           ;Ass4.c: 6:     PORTB = 0x55;
   121   003FBC  0E55               	movlw	85
   122   003FBE  6E81               	movwf	129,c	;volatile
   123   003FC0                     l712:
   124   003FC0  FFFF               	dw	65535	; assembler added errata NOP
   125                           
   126                           ;Ass4.c: 8:     {;Ass4.c: 9:         PORTB = ~ PORTB;
   127   003FC2  1E81               	comf	129,f,c	;volatile
   128   003FC4                     
   129                           ;Ass4.c: 10:         Delay();
   130   003FC4  ECE8  F01F         	call	_Delay	;wreg free
   131   003FC8  EFE0  F01F         	goto	l712
   132   003FCC  EF01  F000         	goto	start
   133   003FD0                     __end_of_main:
   134                           	callstack 0
   135                           
   136 ;; *************** function _Delay *****************
   137 ;; Defined at:
   138 ;;		line 15 in file "Ass4.c"
   139 ;; Parameters:    Size  Location     Type
   140 ;;		None
   141 ;; Auto vars:     Size  Location     Type
   142 ;;		None
   143 ;; Return value:  Size  Location     Type
   144 ;;                  1    wreg      void 
   145 ;; Registers used:
   146 ;;		wreg, status,2
   147 ;; Tracked objects:
   148 ;;		On entry : 0/0
   149 ;;		On exit  : 0/0
   150 ;;		Unchanged: 0/0
   151 ;; Data sizes:     COMRAM   BANK0   BANK1   BANK2   BANK3   BANK4   BANK5
   152 ;;      Params:         0       0       0       0       0       0       0
   153 ;;      Locals:         0       0       0       0       0       0       0
   154 ;;      Temps:          0       0       0       0       0       0       0
   155 ;;      Totals:         0       0       0       0       0       0       0
   156 ;;Total ram usage:        0 bytes
   157 ;; Hardware stack levels used: 1
   158 ;; This function calls:
   159 ;;		Nothing
   160 ;; This function is called by:
   161 ;;		_main
   162 ;; This function uses a non-reentrant model
   163 ;;
   164                           
   165                           	psect	text1
   166   003FD0                     __ptext1:
   167                           	callstack 0
   168   003FD0                     _Delay:
   169                           	callstack 0
   170   003FD0  FFFF               	dw	65535	; assembler added errata NOP
   171   003FD2                     
   172                           ;Ass4.c: 17:     T0CON = 0x07;
   173   003FD2  0E07               	movlw	7
   174   003FD4  6ED5               	movwf	213,c	;volatile
   175                           
   176                           ;Ass4.c: 18:     TMR0 = 18661;
   177   003FD6  0E48               	movlw	72
   178   003FD8  6ED7               	movwf	215,c	;volatile
   179   003FDA  0EE5               	movlw	229
   180   003FDC  6ED6               	movwf	214,c	;volatile
   181   003FDE                     
   182                           ;Ass4.c: 19:     T0CONbits.TMR0ON=1;
   183   003FDE  8ED5               	bsf	213,7,c	;volatile
   184   003FE0                     
   185                           ;Ass4.c: 20:     INTCONbits.TMR0IF = 0;
   186   003FE0  94F2               	bcf	242,2,c	;volatile
   187   003FE2                     l25:
   188   003FE2  FFFF               	dw	65535	; assembler added errata NOP
   189   003FE4  A4F2               	btfss	242,2,c	;volatile
   190   003FE6  EFF7  F01F         	goto	u11
   191   003FEA  EFFA  F01F         	goto	u10
   192   003FEE                     u11:
   193   003FEE  FFFF               	dw	65535	; assembler added errata NOP
   194   003FF0  EFF1  F01F         	goto	l25
   195   003FF4                     u10:
   196   003FF4  FFFF               	dw	65535	; assembler added errata NOP
   197   003FF6                     
   198                           ;Ass4.c: 23:     T0CONbits.TMR0ON=0;
   199   003FF6  9ED5               	bcf	213,7,c	;volatile
   200                           
   201                           ;Ass4.c: 24:     INTCONbits.TMR0IF = 0;
   202   003FF8  94F2               	bcf	242,2,c	;volatile
   203   003FFA  0012               	return		;funcret
   204   003FFC  FFFF               	dw	65535	; errata NOP
   205   003FFE                     __end_of_Delay:
   206                           	callstack 0
   207   003FFE  FFFF               	dw	65535	; assembler added errata NOP
   208                           
   209                           	psect	rparam
   210   000000                     
   211                           	psect	idloc
   212                           
   213                           ;Config register IDLOC0 @ 0x200000
   214                           ;	unspecified, using default values
   215   200000                     	org	2097152
   216   200000  FF                 	db	255
   217                           
   218                           ;Config register IDLOC1 @ 0x200001
   219                           ;	unspecified, using default values
   220   200001                     	org	2097153
   221   200001  FF                 	db	255
   222                           
   223                           ;Config register IDLOC2 @ 0x200002
   224                           ;	unspecified, using default values
   225   200002                     	org	2097154
   226   200002  FF                 	db	255
   227                           
   228                           ;Config register IDLOC3 @ 0x200003
   229                           ;	unspecified, using default values
   230   200003                     	org	2097155
   231   200003  FF                 	db	255
   232                           
   233                           ;Config register IDLOC4 @ 0x200004
   234                           ;	unspecified, using default values
   235   200004                     	org	2097156
   236   200004  FF                 	db	255
   237                           
   238                           ;Config register IDLOC5 @ 0x200005
   239                           ;	unspecified, using default values
   240   200005                     	org	2097157
   241   200005  FF                 	db	255
   242                           
   243                           ;Config register IDLOC6 @ 0x200006
   244                           ;	unspecified, using default values
   245   200006                     	org	2097158
   246   200006  FF                 	db	255
   247                           
   248                           ;Config register IDLOC7 @ 0x200007
   249                           ;	unspecified, using default values
   250   200007                     	org	2097159
   251   200007  FF                 	db	255
   252                           
   253                           	psect	config
   254                           
   255                           ; Padding undefined space
   256   300000                     	org	3145728
   257   300000  FF                 	db	255
   258                           
   259                           ;Config register CONFIG1H @ 0x300001
   260                           ;	unspecified, using default values
   261                           ;	Oscillator Selection bits
   262                           ;	OSC = 0x7, unprogrammed default
   263                           ;	Oscillator System Clock Switch Enable bit
   264                           ;	OSCS = 0x1, unprogrammed default
   265   300001                     	org	3145729
   266   300001  27                 	db	39
   267                           
   268                           ;Config register CONFIG2L @ 0x300002
   269                           ;	unspecified, using default values
   270                           ;	Power-up Timer Enable bit
   271                           ;	PWRT = 0x1, unprogrammed default
   272                           ;	Brown-out Reset Enable bit
   273                           ;	BOR = 0x1, unprogrammed default
   274                           ;	Brown-out Reset Voltage bits
   275                           ;	BORV = 0x3, unprogrammed default
   276   300002                     	org	3145730
   277   300002  0F                 	db	15
   278                           
   279                           ;Config register CONFIG2H @ 0x300003
   280                           ;	unspecified, using default values
   281                           ;	Watchdog Timer Enable bit
   282                           ;	WDT = 0x1, unprogrammed default
   283                           ;	Watchdog Timer Postscale Select bits
   284                           ;	WDTPS = 0x7, unprogrammed default
   285   300003                     	org	3145731
   286   300003  0F                 	db	15
   287                           
   288                           ;Config register CONFIG4L @ 0x300006
   289                           ;	unspecified, using default values
   290                           ;	Stack Full/Underflow Reset Enable bit
   291                           ;	STVR = 0x1, unprogrammed default
   292                           ;	Low-Voltage ICSP Enable bit
   293                           ;	LVP = 0x1, unprogrammed default
   294                           ;	Background Debugger Enable bit
   295                           ;	DEBUG = 0x1, unprogrammed default
   296   300006                     	org	3145734
   297   300006  85                 	db	133
   298                           
   299                           ; Padding undefined space
   300   300007                     	org	3145735
   301   300007  FF                 	db	255
   302                           
   303                           ;Config register CONFIG5L @ 0x300008
   304                           ;	unspecified, using default values
   305                           ;	Code Protection bit
   306                           ;	CP0 = 0x1, unprogrammed default
   307                           ;	Code Protection bit
   308                           ;	CP1 = 0x1, unprogrammed default
   309                           ;	Code Protection bit
   310                           ;	CP2 = 0x1, unprogrammed default
   311                           ;	Code Protection bit
   312                           ;	CP3 = 0x1, unprogrammed default
   313   300008                     	org	3145736
   314   300008  0F                 	db	15
   315                           
   316                           ;Config register CONFIG5H @ 0x300009
   317                           ;	unspecified, using default values
   318                           ;	Boot Block Code Protection bit
   319                           ;	CPB = 0x1, unprogrammed default
   320                           ;	Data EEPROM Code Protection bit
   321                           ;	CPD = 0x1, unprogrammed default
   322   300009                     	org	3145737
   323   300009  C0                 	db	192
   324                           
   325                           ;Config register CONFIG6L @ 0x30000A
   326                           ;	unspecified, using default values
   327                           ;	Write Protection bit
   328                           ;	WRT0 = 0x1, unprogrammed default
   329                           ;	Write Protection bit
   330                           ;	WRT1 = 0x1, unprogrammed default
   331                           ;	Write Protection bit
   332                           ;	WRT2 = 0x1, unprogrammed default
   333                           ;	Write Protection bit
   334                           ;	WRT3 = 0x1, unprogrammed default
   335   30000A                     	org	3145738
   336   30000A  0F                 	db	15
   337                           
   338                           ;Config register CONFIG6H @ 0x30000B
   339                           ;	unspecified, using default values
   340                           ;	Configuration Register Write Protection bit
   341                           ;	WRTC = 0x1, unprogrammed default
   342                           ;	Boot Block Write Protection bit
   343                           ;	WRTB = 0x1, unprogrammed default
   344                           ;	Data EEPROM Write Protection bit
   345                           ;	WRTD = 0x1, unprogrammed default
   346   30000B                     	org	3145739
   347   30000B  E0                 	db	224
   348                           
   349                           ;Config register CONFIG7L @ 0x30000C
   350                           ;	unspecified, using default values
   351                           ;	Table Read Protection bit
   352                           ;	EBTR0 = 0x1, unprogrammed default
   353                           ;	Table Read Protection bit
   354                           ;	EBTR1 = 0x1, unprogrammed default
   355                           ;	Table Read Protection bit
   356                           ;	EBTR2 = 0x1, unprogrammed default
   357                           ;	Table Read Protection bit
   358                           ;	EBTR3 = 0x1, unprogrammed default
   359   30000C                     	org	3145740
   360   30000C  0F                 	db	15
   361                           
   362                           ;Config register CONFIG7H @ 0x30000D
   363                           ;	unspecified, using default values
   364                           ;	Boot Block Table Read Protection bit
   365                           ;	EBTRB = 0x1, unprogrammed default
   366   30000D                     	org	3145741
   367   30000D  40                 	db	64
   368                           tosu	equ	0xFFF
   369                           tosh	equ	0xFFE
   370                           tosl	equ	0xFFD
   371                           stkptr	equ	0xFFC
   372                           pclatu	equ	0xFFB
   373                           pclath	equ	0xFFA
   374                           pcl	equ	0xFF9
   375                           tblptru	equ	0xFF8
   376                           tblptrh	equ	0xFF7
   377                           tblptrl	equ	0xFF6
   378                           tablat	equ	0xFF5
   379                           prodh	equ	0xFF4
   380                           prodl	equ	0xFF3
   381                           indf0	equ	0xFEF
   382                           postinc0	equ	0xFEE
   383                           postdec0	equ	0xFED
   384                           preinc0	equ	0xFEC
   385                           plusw0	equ	0xFEB
   386                           fsr0h	equ	0xFEA
   387                           fsr0l	equ	0xFE9
   388                           wreg	equ	0xFE8
   389                           indf1	equ	0xFE7
   390                           postinc1	equ	0xFE6
   391                           postdec1	equ	0xFE5
   392                           preinc1	equ	0xFE4
   393                           plusw1	equ	0xFE3
   394                           fsr1h	equ	0xFE2
   395                           fsr1l	equ	0xFE1
   396                           bsr	equ	0xFE0
   397                           indf2	equ	0xFDF
   398                           postinc2	equ	0xFDE
   399                           postdec2	equ	0xFDD
   400                           preinc2	equ	0xFDC
   401                           plusw2	equ	0xFDB
   402                           fsr2h	equ	0xFDA
   403                           fsr2l	equ	0xFD9
   404                           status	equ	0xFD8

Data Sizes:
    Strings     0
    Constant    0
    Data        0
    BSS         0
    Persistent  0
    Stack       0

Auto Spaces:
    Space          Size  Autos    Used
    COMRAM           95      0       0
    BANK0           160      0       0
    BANK1           256      0       0
    BANK2           256      0       0
    BANK3           256      0       0
    BANK4           256      0       0
    BANK5           256      0       0

Pointer List with Targets:

    None.

Critical Paths under _main in COMRAM

    None.

Critical Paths under _main in BANK0

    None.

Critical Paths under _main in BANK1

    None.

Critical Paths under _main in BANK2

    None.

Critical Paths under _main in BANK3

    None.

Critical Paths under _main in BANK4

    None.

Critical Paths under _main in BANK5

    None.

Call Graph Tables:

 ---------------------------------------------------------------------------------
 (Depth) Function   	        Calls       Base Space   Used Autos Params    Refs
 ---------------------------------------------------------------------------------
 (0) _main                                                 0     0      0       0
                              _Delay
 ---------------------------------------------------------------------------------
 (1) _Delay                                                0     0      0       0
 ---------------------------------------------------------------------------------
 Estimated maximum stack depth 1
 ---------------------------------------------------------------------------------

 Call Graph Graphs:

 _main (ROOT)
   _Delay

 Address spaces:
Name               Size   Autos  Total    Cost      Usage
BITCOMRAM           5F      0       0       0        0.0%
EEDATA             100      0       0       0        0.0%
NULL                 0      0       0       0        0.0%
CODE                 0      0       0       0        0.0%
COMRAM              5F      0       0       1        0.0%
STACK                0      0       0       2        0.0%
DATA                 0      0       0       3        0.0%
BITBANK0            A0      0       0       4        0.0%
BANK0               A0      0       0       5        0.0%
BITBANK1           100      0       0       6        0.0%
BANK1              100      0       0       7        0.0%
BITBANK2           100      0       0       8        0.0%
BANK2              100      0       0       9        0.0%
BITBANK3           100      0       0      10        0.0%
BANK3              100      0       0      11        0.0%
BITBANK4           100      0       0      12        0.0%
BANK4              100      0       0      13        0.0%
BITBANK5           100      0       0      14        0.0%
BANK5              100      0       0      15        0.0%
BITBIGSFRhhh         D      0       0      16        0.0%
BITBIGSFRhhl        1A      0       0      17        0.0%
BITBIGSFRhl         41      0       0      18        0.0%
BITBIGSFRlh         11      0       0      19        0.0%
BITBIGSFRll         81      0       0      20        0.0%
ABS                  0      0       0      21        0.0%
BIGRAM             5FF      0       0      22        0.0%
BIGSFR               0      0       0     200        0.0%
BITSFR_1             0      0       0     200        0.0%
SFR_1                0      0       0     200        0.0%
BITSFR               0      0       0     200        0.0%
SFR                  0      0       0     200        0.0%


Microchip Technology PIC18 Macro Assembler V2.41 build 20230208172133 
Symbol Table                                                                                   Fri Apr 28 08:03:15 2023

                                                               l25 3FE2  
                                                               l27 3FF6  
                                                               l28 3FFA  
                                                               u10 3FF4  
                                                               u11 3FEE  
                                                              l710 3FB6  
                                                              l704 3FD2  
                                                              l712 3FC0  
                                                              l706 3FDE  
                                                              l714 3FC4  
                                                              l708 3FE0  
                                                             _TMR0 0FD6  
                                                             _main 3FB6  
                                                             start 0002  
                                                     ___param_bank 0000  
                                                            ?_main 0000  
                                                            _T0CON 0FD5  
                                                            _PORTB 0F81  
                                                            _TRISB 0F93  
                                                            _Delay 3FD0  
                                                  __initialization 3FB0  
                                                     __end_of_main 3FD0  
                                                           ??_main 0000  
                                                    __activetblptr 0000  
                                                           ?_Delay 0000  
                                                           isa$std 0001  
                                                       __accesstop 0060  
                                          __end_of__initialization 3FB0  
                                                    ___rparam_used 0001  
                                                    __end_of_Delay 3FFE  
                                                   __pcstackCOMRAM 0000  
                                                          ??_Delay 0000  
                                                          __Hparam 0000  
                                                          __Lparam 0000  
                                                          __pcinit 3FB0  
                                                          __ramtop 0600  
                                                          __ptext0 3FB6  
                                                          __ptext1 3FD0  
                                                        _T0CONbits 0FD5  
                                             end_of_initialization 3FB0  
                                              start_initialization 3FB0  
                                                         __Hrparam 0000  
                                                         __Lrparam 0000  
                                                         isa$xinst 0000  
                                                       _INTCONbits 0FF2  
