

Microchip MPLAB XC8 Assembler V2.41 build 20230208172133 
                                                                                               Mon Jun 05 23:42:13 2023

Microchip MPLAB XC8 C Compiler v2.41 (Free license) build 20230208172133 Og1 
     1                           	processor	18F458
     2                           	fnconf	rparam,??,?,0
     3                           	pagewidth 120
     4                           	opt	flic
     5                           	psect	cinit,global,reloc=2,class=CODE,delta=1
     6                           	psect	cstackBANK1,global,class=BANK1,space=1,delta=1,lowdata,noexec
     7                           	psect	cstackCOMRAM,global,class=COMRAM,space=1,delta=1,lowdata,noexec
     8                           	psect	text0,global,reloc=2,class=CODE,delta=1
     9                           	psect	intsave_regs,global,class=BIGRAM,space=1,delta=1,noexec
    10                           	psect	rparam,global,class=COMRAM,space=1,delta=1,noexec
    11                           	psect	idloc,global,abs,ovrld,class=IDLOC,space=5,delta=1,noexec
    12                           	psect	config,global,abs,ovrld,class=CONFIG,space=4,delta=1,noexec
    13   000000                     
    14                           ; Version 2.40
    15                           ; Generated 17/11/2021 GMT
    16                           ; 
    17                           ; Copyright © 2021, Microchip Technology Inc. and its subsidiaries ("Microchip")
    18                           ; All rights reserved.
    19                           ; 
    20                           ; This software is developed by Microchip Technology Inc. and its subsidiaries ("Microch
      +                          ip").
    21                           ; 
    22                           ; Redistribution and use in source and binary forms, with or without modification, are
    23                           ; permitted provided that the following conditions are met:
    24                           ; 
    25                           ;     1. Redistributions of source code must retain the above copyright notice, this lis
      +                          t of
    26                           ;        conditions and the following disclaimer.
    27                           ; 
    28                           ;     2. Redistributions in binary form must reproduce the above copyright notice, this 
      +                          list
    29                           ;        of conditions and the following disclaimer in the documentation and/or other
    30                           ;        materials provided with the distribution. Publication is not required when
    31                           ;        this file is used in an embedded application.
    32                           ; 
    33                           ;     3. Microchip's name may not be used to endorse or promote products derived from th
      +                          is
    34                           ;        software without specific prior written permission.
    35                           ; 
    36                           ; THIS SOFTWARE IS PROVIDED BY MICROCHIP "AS IS" AND ANY EXPRESS OR IMPLIED WARRANTIES,
    37                           ; INCLUDING, BUT NOT LIMITED TO, THE IMPLIED WARRANTIES OF MERCHANTABILITY AND FITNESS F
      +                          OR
    38                           ; PURPOSE ARE DISCLAIMED.  IN NO EVENT SHALL MICROCHIP BE LIABLE FOR ANY DIRECT, INDIREC
      +                          T,
    39                           ; INCIDENTAL, SPECIAL, EXEMPLARY, OR CONSEQUENTIAL DAMAGES (INCLUDING BUT NOT LIMITED TO
    40                           ; PROCUREMENT OF SUBSTITUTE GOODS OR SERVICES; LOSS OF USE, DATA OR PROFITS; OR BUSINESS
    41                           ; INTERRUPTION) HOWSOEVER CAUSED AND ON ANY THEORY OF LIABILITY, WHETHER IN CONTRACT, ST
      +                          RICT
    42                           ; LIABILITY, OR TORT (INCLUDING NEGLIGENCE OR OTHERWISE) ARISING IN ANY WAY OUT OF THE U
      +                          SE OF
    43                           ; THIS SOFTWARE, EVEN IF ADVISED OF THE POSSIBILITY OF SUCH DAMAGE.
    44                           ; 
    45                           ; 
    46                           ; Code-generator required, PIC18F458 Definitions
    47                           ; 
    48                           ; SFR Addresses
    49   000000                     _TMR0	set	4054
    50   000000                     _BSR	set	4064
    51                           
    52                           ; #config settings
    53                           
    54                           	psect	cinit
    55   003F76                     __pcinit:
    56                           	callstack 0
    57   003F76                     start_initialization:
    58                           	callstack 0
    59   003F76                     __initialization:
    60                           	callstack 0
    61   003F76                     end_of_initialization:
    62                           	callstack 0
    63   003F76                     __end_of__initialization:
    64                           	callstack 0
    65   003F76  0100               	movlb	0
    66   003F78  EFBE  F01F         	goto	_main	;jump to C main() function
    67                           
    68                           	psect	cstackBANK1
    69   000100                     __pcstackBANK1:
    70                           	callstack 0
    71   000100                     main@arr:
    72                           	callstack 0
    73                           
    74                           ; 200 bytes @ 0x0
    75   000100                     	ds	200
    76   0001C8                     main@sum:
    77                           	callstack 0
    78                           
    79                           ; 2 bytes @ 0xC8
    80   0001C8                     	ds	2
    81   0001CA                     main@i:
    82                           	callstack 0
    83                           
    84                           ; 2 bytes @ 0xCA
    85   0001CA                     	ds	2
    86                           
    87                           	psect	cstackCOMRAM
    88   000000                     __pcstackCOMRAM:
    89                           	callstack 0
    90   000000                     
    91                           ; 2 bytes @ 0x0
    92 ;;
    93 ;;Main: autosize = 0, tempsize = 0, incstack = 0, save=0
    94 ;;
    95 ;; *************** function _main *****************
    96 ;; Defined at:
    97 ;;		line 11 in file "a2.c"
    98 ;; Parameters:    Size  Location     Type
    99 ;;		None
   100 ;; Auto vars:     Size  Location     Type
   101 ;;  i               2  202[BANK1 ] int 
   102 ;;  arr           200    0[BANK1 ] int [100]
   103 ;;  sum             2  200[BANK1 ] int 
   104 ;; Return value:  Size  Location     Type
   105 ;;                  2    8[None  ] int 
   106 ;; Registers used:
   107 ;;		wreg, fsr2l, fsr2h, status,2, status,0
   108 ;; Tracked objects:
   109 ;;		On entry : 0/0
   110 ;;		On exit  : 0/0
   111 ;;		Unchanged: 0/0
   112 ;; Data sizes:     COMRAM   BANK0   BANK1   BANK2   BANK3   BANK4   BANK5
   113 ;;      Params:         0       0       0       0       0       0       0
   114 ;;      Locals:         0       0     204       0       0       0       0
   115 ;;      Temps:          0       0       0       0       0       0       0
   116 ;;      Totals:         0       0     204       0       0       0       0
   117 ;;Total ram usage:      204 bytes
   118 ;; This function calls:
   119 ;;		Nothing
   120 ;; This function is called by:
   121 ;;		Startup code after reset
   122 ;; This function uses a non-reentrant model
   123 ;;
   124                           
   125                           	psect	text0
   126   003F7C                     __ptext0:
   127                           	callstack 0
   128   003F7C                     _main:
   129                           	callstack 31
   130   003F7C  FFFF               	dw	65535	; assembler added errata NOP
   131                           
   132                           ;a2.c: 14:     int arr[100];;a2.c: 16:     int sum;;a2.c: 20:     BSR=0x00;
   133   003F7E  0E00               	movlw	0
   134   003F80  6EE0               	movwf	224,c	;volatile
   135                           
   136                           ;a2.c: 23:     for(int i=0;i<100;i++){
   137   003F82  0E00               	movlw	0
   138   003F84  0101               	movlb	1	; () banked
   139   003F86  6FCB               	movwf	(main@i+1)& (0+255),b
   140   003F88  0E00               	movlw	0
   141   003F8A  6FCA               	movwf	main@i& (0+255),b
   142   003F8C                     l711:
   143   003F8C  FFFF               	dw	65535	; assembler added errata NOP
   144                           
   145                           ; BSR set to: 1
   146                           ;a2.c: 24:         arr[i]=1;
   147   003F8E  90D8               	bcf	status,0,c
   148   003F90  35CA               	rlcf	main@i& (0+255),w,b
   149   003F92  6ED9               	movwf	fsr2l,c
   150   003F94  35CB               	rlcf	(main@i+1)& (0+255),w,b
   151   003F96  6EDA               	movwf	fsr2h,c
   152   003F98  0E00               	movlw	low main@arr
   153   003F9A  26D9               	addwf	fsr2l,f,c
   154   003F9C  0E01               	movlw	high main@arr
   155   003F9E  22DA               	addwfc	fsr2h,f,c
   156   003FA0  0E01               	movlw	1
   157   003FA2  6EDE               	movwf	postinc2,c
   158   003FA4  0E00               	movlw	0
   159   003FA6  6EDD               	movwf	postdec2,c
   160                           
   161                           ;a2.c: 25:         sum+=arr[i];
   162   003FA8  90D8               	bcf	status,0,c
   163   003FAA  35CA               	rlcf	main@i& (0+255),w,b
   164   003FAC  6ED9               	movwf	fsr2l,c
   165   003FAE  35CB               	rlcf	(main@i+1)& (0+255),w,b
   166   003FB0  6EDA               	movwf	fsr2h,c
   167   003FB2  0E00               	movlw	low main@arr
   168   003FB4  26D9               	addwf	fsr2l,f,c
   169   003FB6  0E01               	movlw	high main@arr
   170   003FB8  22DA               	addwfc	fsr2h,f,c
   171   003FBA  50DE               	movf	postinc2,w,c
   172   003FBC  27C8               	addwf	main@sum& (0+255),f,b
   173   003FBE  50DD               	movf	postdec2,w,c
   174   003FC0  23C9               	addwfc	(main@sum+1)& (0+255),f,b
   175   003FC2                     
   176                           ; BSR set to: 1
   177                           ;a2.c: 26:     }
   178   003FC2  4BCA               	infsnz	main@i& (0+255),f,b
   179   003FC4  2BCB               	incf	(main@i+1)& (0+255),f,b
   180   003FC6                     
   181                           ; BSR set to: 1
   182   003FC6  BFCB               	btfsc	(main@i+1)& (0+255),7,b
   183   003FC8  EFEF  F01F         	goto	u21
   184   003FCC  51CB               	movf	(main@i+1)& (0+255),w,b
   185   003FCE  E10A               	bnz	u20
   186   003FD0  0E64               	movlw	100
   187   003FD2  5DCA               	subwf	main@i& (0+255),w,b
   188   003FD4  A0D8               	btfss	status,0,c
   189   003FD6  EFEF  F01F         	goto	u21
   190   003FDA  EFF2  F01F         	goto	u20
   191   003FDE                     u21:
   192   003FDE  FFFF               	dw	65535	; assembler added errata NOP
   193   003FE0  EFC6  F01F         	goto	l711
   194   003FE4                     u20:
   195   003FE4  FFFF               	dw	65535	; assembler added errata NOP
   196   003FE6                     
   197                           ; BSR set to: 1
   198                           ;a2.c: 30:     BSR=0x01;
   199   003FE6  0E01               	movlw	1
   200   003FE8  6EE0               	movwf	224,c	;volatile
   201   003FEA                     
   202                           ; BSR set to: 1
   203                           ;a2.c: 35:     TMR0=sum;
   204   003FEA  C1C8  FFD6         	movff	main@sum,4054	;volatile
   205   003FEE  C1C9  FFD7         	movff	main@sum+1,4055	;volatile
   206                           
   207                           ;a2.c: 38:     sum=100;
   208   003FF2  0E00               	movlw	0
   209   003FF4  6FC9               	movwf	(main@sum+1)& (0+255),b
   210   003FF6  0E64               	movlw	100
   211   003FF8  6FC8               	movwf	main@sum& (0+255),b
   212   003FFA                     
   213                           ; BSR set to: 1
   214   003FFA  EF01  F000         	goto	start
   215   003FFE                     __end_of_main:
   216                           	callstack 0
   217   003FFE  FFFF               	dw	65535	; assembler added errata NOP
   218                           
   219                           	psect	rparam
   220   000000                     
   221                           	psect	idloc
   222                           
   223                           ;Config register IDLOC0 @ 0x200000
   224                           ;	unspecified, using default values
   225   200000                     	org	2097152
   226   200000  FF                 	db	255
   227                           
   228                           ;Config register IDLOC1 @ 0x200001
   229                           ;	unspecified, using default values
   230   200001                     	org	2097153
   231   200001  FF                 	db	255
   232                           
   233                           ;Config register IDLOC2 @ 0x200002
   234                           ;	unspecified, using default values
   235   200002                     	org	2097154
   236   200002  FF                 	db	255
   237                           
   238                           ;Config register IDLOC3 @ 0x200003
   239                           ;	unspecified, using default values
   240   200003                     	org	2097155
   241   200003  FF                 	db	255
   242                           
   243                           ;Config register IDLOC4 @ 0x200004
   244                           ;	unspecified, using default values
   245   200004                     	org	2097156
   246   200004  FF                 	db	255
   247                           
   248                           ;Config register IDLOC5 @ 0x200005
   249                           ;	unspecified, using default values
   250   200005                     	org	2097157
   251   200005  FF                 	db	255
   252                           
   253                           ;Config register IDLOC6 @ 0x200006
   254                           ;	unspecified, using default values
   255   200006                     	org	2097158
   256   200006  FF                 	db	255
   257                           
   258                           ;Config register IDLOC7 @ 0x200007
   259                           ;	unspecified, using default values
   260   200007                     	org	2097159
   261   200007  FF                 	db	255
   262                           
   263                           	psect	config
   264                           
   265                           ; Padding undefined space
   266   300000                     	org	3145728
   267   300000  FF                 	db	255
   268                           
   269                           ;Config register CONFIG1H @ 0x300001
   270                           ;	unspecified, using default values
   271                           ;	Oscillator Selection bits
   272                           ;	OSC = 0x7, unprogrammed default
   273                           ;	Oscillator System Clock Switch Enable bit
   274                           ;	OSCS = 0x1, unprogrammed default
   275   300001                     	org	3145729
   276   300001  27                 	db	39
   277                           
   278                           ;Config register CONFIG2L @ 0x300002
   279                           ;	unspecified, using default values
   280                           ;	Power-up Timer Enable bit
   281                           ;	PWRT = 0x1, unprogrammed default
   282                           ;	Brown-out Reset Enable bit
   283                           ;	BOR = 0x1, unprogrammed default
   284                           ;	Brown-out Reset Voltage bits
   285                           ;	BORV = 0x3, unprogrammed default
   286   300002                     	org	3145730
   287   300002  0F                 	db	15
   288                           
   289                           ;Config register CONFIG2H @ 0x300003
   290                           ;	unspecified, using default values
   291                           ;	Watchdog Timer Enable bit
   292                           ;	WDT = 0x1, unprogrammed default
   293                           ;	Watchdog Timer Postscale Select bits
   294                           ;	WDTPS = 0x7, unprogrammed default
   295   300003                     	org	3145731
   296   300003  0F                 	db	15
   297                           
   298                           ;Config register CONFIG4L @ 0x300006
   299                           ;	unspecified, using default values
   300                           ;	Stack Full/Underflow Reset Enable bit
   301                           ;	STVR = 0x1, unprogrammed default
   302                           ;	Low-Voltage ICSP Enable bit
   303                           ;	LVP = 0x1, unprogrammed default
   304                           ;	Background Debugger Enable bit
   305                           ;	DEBUG = 0x1, unprogrammed default
   306   300006                     	org	3145734
   307   300006  85                 	db	133
   308                           
   309                           ; Padding undefined space
   310   300007                     	org	3145735
   311   300007  FF                 	db	255
   312                           
   313                           ;Config register CONFIG5L @ 0x300008
   314                           ;	unspecified, using default values
   315                           ;	Code Protection bit
   316                           ;	CP0 = 0x1, unprogrammed default
   317                           ;	Code Protection bit
   318                           ;	CP1 = 0x1, unprogrammed default
   319                           ;	Code Protection bit
   320                           ;	CP2 = 0x1, unprogrammed default
   321                           ;	Code Protection bit
   322                           ;	CP3 = 0x1, unprogrammed default
   323   300008                     	org	3145736
   324   300008  0F                 	db	15
   325                           
   326                           ;Config register CONFIG5H @ 0x300009
   327                           ;	unspecified, using default values
   328                           ;	Boot Block Code Protection bit
   329                           ;	CPB = 0x1, unprogrammed default
   330                           ;	Data EEPROM Code Protection bit
   331                           ;	CPD = 0x1, unprogrammed default
   332   300009                     	org	3145737
   333   300009  C0                 	db	192
   334                           
   335                           ;Config register CONFIG6L @ 0x30000A
   336                           ;	unspecified, using default values
   337                           ;	Write Protection bit
   338                           ;	WRT0 = 0x1, unprogrammed default
   339                           ;	Write Protection bit
   340                           ;	WRT1 = 0x1, unprogrammed default
   341                           ;	Write Protection bit
   342                           ;	WRT2 = 0x1, unprogrammed default
   343                           ;	Write Protection bit
   344                           ;	WRT3 = 0x1, unprogrammed default
   345   30000A                     	org	3145738
   346   30000A  0F                 	db	15
   347                           
   348                           ;Config register CONFIG6H @ 0x30000B
   349                           ;	unspecified, using default values
   350                           ;	Configuration Register Write Protection bit
   351                           ;	WRTC = 0x1, unprogrammed default
   352                           ;	Boot Block Write Protection bit
   353                           ;	WRTB = 0x1, unprogrammed default
   354                           ;	Data EEPROM Write Protection bit
   355                           ;	WRTD = 0x1, unprogrammed default
   356   30000B                     	org	3145739
   357   30000B  E0                 	db	224
   358                           
   359                           ;Config register CONFIG7L @ 0x30000C
   360                           ;	unspecified, using default values
   361                           ;	Table Read Protection bit
   362                           ;	EBTR0 = 0x1, unprogrammed default
   363                           ;	Table Read Protection bit
   364                           ;	EBTR1 = 0x1, unprogrammed default
   365                           ;	Table Read Protection bit
   366                           ;	EBTR2 = 0x1, unprogrammed default
   367                           ;	Table Read Protection bit
   368                           ;	EBTR3 = 0x1, unprogrammed default
   369   30000C                     	org	3145740
   370   30000C  0F                 	db	15
   371                           
   372                           ;Config register CONFIG7H @ 0x30000D
   373                           ;	unspecified, using default values
   374                           ;	Boot Block Table Read Protection bit
   375                           ;	EBTRB = 0x1, unprogrammed default
   376   30000D                     	org	3145741
   377   30000D  40                 	db	64
   378                           tosu	equ	0xFFF
   379                           tosh	equ	0xFFE
   380                           tosl	equ	0xFFD
   381                           stkptr	equ	0xFFC
   382                           pclatu	equ	0xFFB
   383                           pclath	equ	0xFFA
   384                           pcl	equ	0xFF9
   385                           tblptru	equ	0xFF8
   386                           tblptrh	equ	0xFF7
   387                           tblptrl	equ	0xFF6
   388                           tablat	equ	0xFF5
   389                           prodh	equ	0xFF4
   390                           prodl	equ	0xFF3
   391                           indf0	equ	0xFEF
   392                           postinc0	equ	0xFEE
   393                           postdec0	equ	0xFED
   394                           preinc0	equ	0xFEC
   395                           plusw0	equ	0xFEB
   396                           fsr0h	equ	0xFEA
   397                           fsr0l	equ	0xFE9
   398                           wreg	equ	0xFE8
   399                           indf1	equ	0xFE7
   400                           postinc1	equ	0xFE6
   401                           postdec1	equ	0xFE5
   402                           preinc1	equ	0xFE4
   403                           plusw1	equ	0xFE3
   404                           fsr1h	equ	0xFE2
   405                           fsr1l	equ	0xFE1
   406                           bsr	equ	0xFE0
   407                           indf2	equ	0xFDF
   408                           postinc2	equ	0xFDE
   409                           postdec2	equ	0xFDD
   410                           preinc2	equ	0xFDC
   411                           plusw2	equ	0xFDB
   412                           fsr2h	equ	0xFDA
   413                           fsr2l	equ	0xFD9
   414                           status	equ	0xFD8

Data Sizes:
    Strings     0
    Constant    0
    Data        0
    BSS         0
    Persistent  0
    Stack       0

Auto Spaces:
    Space          Size  Autos    Used
    COMRAM           95      0       0
    BANK0           160      0       0
    BANK1           256    204     204
    BANK2           256      0       0
    BANK3           256      0       0
    BANK4           256      0       0
    BANK5           256      0       0

Pointer List with Targets:

    None.

Critical Paths under _main in COMRAM

    None.

Critical Paths under _main in BANK0

    None.

Critical Paths under _main in BANK1

    None.

Critical Paths under _main in BANK2

    None.

Critical Paths under _main in BANK3

    None.

Critical Paths under _main in BANK4

    None.

Critical Paths under _main in BANK5

    None.

Call Graph Tables:

 ---------------------------------------------------------------------------------
 (Depth) Function   	        Calls       Base Space   Used Autos Params    Refs
 ---------------------------------------------------------------------------------
 (0) _main                                               204   204      0     161
                                              0 BANK1    204   204      0
 ---------------------------------------------------------------------------------
 Estimated maximum stack depth 0
 ---------------------------------------------------------------------------------

 Call Graph Graphs:

 _main (ROOT)

 Address spaces:
Name               Size   Autos  Total    Cost      Usage
BITCOMRAM           5F      0       0       0        0.0%
EEDATA             100      0       0       0        0.0%
NULL                 0      0       0       0        0.0%
CODE                 0      0       0       0        0.0%
COMRAM              5F      0       0       1        0.0%
STACK                0      0       0       2        0.0%
DATA                 0      0       0       3        0.0%
BITBANK0            A0      0       0       4        0.0%
BANK0               A0      0       0       5        0.0%
BITBANK1           100      0       0       6        0.0%
BANK1              100     CC      CC       7       79.7%
BITBANK2           100      0       0       8        0.0%
BANK2              100      0       0       9        0.0%
BITBANK3           100      0       0      10        0.0%
BANK3              100      0       0      11        0.0%
BITBANK4           100      0       0      12        0.0%
BANK4              100      0       0      13        0.0%
BITBANK5           100      0       0      14        0.0%
BANK5              100      0       0      15        0.0%
BITBIGSFRh          1F      0       0      16        0.0%
BITBIGSFRlh          8      0       0      17        0.0%
BITBIGSFRll         D6      0       0      18        0.0%
ABS                  0      0       0      19        0.0%
BIGRAM             5FF      0       0      20        0.0%
BIGSFR               0      0       0     200        0.0%
BITSFR_1             0      0       0     200        0.0%
SFR_1                0      0       0     200        0.0%
BITSFR               0      0       0     200        0.0%
SFR                  0      0       0     200        0.0%


Microchip Technology PIC18 Macro Assembler V2.41 build 20230208172133 
Symbol Table                                                                                   Mon Jun 05 23:42:13 2023

                                                     l11 3FFA  
                                                     u20 3FE4  
                                                     u21 3FDE  
                                                    l711 3F8C  
                                                    l713 3FC2  
                                                    l705 3F7C  
                                                    l715 3FC6  
                                                    l717 3FE6  
                                                    l719 3FEA  
                                                    _BSR 0FE0  
                                                   _TMR0 0FD6  
                                                   _main 3F7C  
                                                   fsr2h 0FDA  
                                                   fsr2l 0FD9  
                                                   start 0002  
                                           ___param_bank 0000  
                                                  ?_main 0000  
                                                  main@i 01CA  
                                                  status 0FD8  
                                        __initialization 3F76  
                                           __end_of_main 3FFE  
                                                 ??_main 0000  
                                          __activetblptr 0000  
                                                 isa$std 0001  
                                             __accesstop 0060  
                                __end_of__initialization 3F76  
                                          ___rparam_used 0001  
                                         __pcstackCOMRAM 0000  
                                                __Hparam 0000  
                                                __Lparam 0000  
                                                __pcinit 3F76  
                                                __ramtop 0600  
                                                __ptext0 3F7C  
                                                main@arr 0100  
                                                main@sum 01C8  
                                   end_of_initialization 3F76  
                                                postdec2 0FDD  
                                                postinc2 0FDE  
                                    start_initialization 3F76  
                                          __pcstackBANK1 0100  
                                               __Hrparam 0000  
                                               __Lrparam 0000  
                                               isa$xinst 0000  
