

Microchip MPLAB XC8 Assembler V2.41 build 20230208172133 
                                                                                               Fri May 12 22:19:31 2023

Microchip MPLAB XC8 C Compiler v2.41 (Free license) build 20230208172133 Og1 
     1                           	processor	18F4550
     2                           	fnconf	rparam,??,?,0
     3                           	pagewidth 120
     4                           	opt	flic
     5                           	psect	cinit,global,reloc=2,class=CODE,delta=1
     6                           	psect	cstackCOMRAM,global,class=COMRAM,space=1,delta=1,lowdata,noexec
     7                           	psect	text0,global,reloc=2,class=CODE,delta=1
     8                           	psect	intcode,global,reloc=2,class=CODE,delta=1
     9                           	psect	intcode_body,global,reloc=2,class=CODE,delta=1
    10                           	psect	intsave_regs,global,class=BIGRAM,space=1,delta=1,noexec
    11                           	psect	rparam,global,class=COMRAM,space=1,delta=1,noexec
    12                           	psect	temp,global,ovrld,common,class=COMRAM,space=1,delta=1
    13                           	psect	idloc,global,abs,ovrld,class=IDLOC,space=5,delta=1,noexec
    14                           	psect	config,global,abs,ovrld,class=CONFIG,space=4,delta=1,noexec
    15   000000                     
    16                           ; Version 2.40
    17                           ; Generated 17/11/2021 GMT
    18                           ; 
    19                           ; Copyright © 2021, Microchip Technology Inc. and its subsidiaries ("Microchip")
    20                           ; All rights reserved.
    21                           ; 
    22                           ; This software is developed by Microchip Technology Inc. and its subsidiaries ("Microch
      +                          ip").
    23                           ; 
    24                           ; Redistribution and use in source and binary forms, with or without modification, are
    25                           ; permitted provided that the following conditions are met:
    26                           ; 
    27                           ;     1. Redistributions of source code must retain the above copyright notice, this lis
      +                          t of
    28                           ;        conditions and the following disclaimer.
    29                           ; 
    30                           ;     2. Redistributions in binary form must reproduce the above copyright notice, this 
      +                          list
    31                           ;        of conditions and the following disclaimer in the documentation and/or other
    32                           ;        materials provided with the distribution. Publication is not required when
    33                           ;        this file is used in an embedded application.
    34                           ; 
    35                           ;     3. Microchip's name may not be used to endorse or promote products derived from th
      +                          is
    36                           ;        software without specific prior written permission.
    37                           ; 
    38                           ; THIS SOFTWARE IS PROVIDED BY MICROCHIP "AS IS" AND ANY EXPRESS OR IMPLIED WARRANTIES,
    39                           ; INCLUDING, BUT NOT LIMITED TO, THE IMPLIED WARRANTIES OF MERCHANTABILITY AND FITNESS F
      +                          OR
    40                           ; PURPOSE ARE DISCLAIMED.  IN NO EVENT SHALL MICROCHIP BE LIABLE FOR ANY DIRECT, INDIREC
      +                          T,
    41                           ; INCIDENTAL, SPECIAL, EXEMPLARY, OR CONSEQUENTIAL DAMAGES (INCLUDING BUT NOT LIMITED TO
    42                           ; PROCUREMENT OF SUBSTITUTE GOODS OR SERVICES; LOSS OF USE, DATA OR PROFITS; OR BUSINESS
    43                           ; INTERRUPTION) HOWSOEVER CAUSED AND ON ANY THEORY OF LIABILITY, WHETHER IN CONTRACT, ST
      +                          RICT
    44                           ; LIABILITY, OR TORT (INCLUDING NEGLIGENCE OR OTHERWISE) ARISING IN ANY WAY OUT OF THE U
      +                          SE OF
    45                           ; THIS SOFTWARE, EVEN IF ADVISED OF THE POSSIBILITY OF SUCH DAMAGE.
    46                           ; 
    47                           ; 
    48                           ; Code-generator required, PIC18F4550 Definitions
    49                           ; 
    50                           ; SFR Addresses
    51   000000                     _INTCON2bits	set	4081
    52   000000                     _INTCONbits	set	4082
    53   000000                     _PORTAbits	set	3968
    54   000000                     _INTCON3bits	set	4080
    55   000000                     _TRISAbits	set	3986
    56   000000                     _TRISBbits	set	3987
    57                           
    58                           ; #config settings
    59                           
    60                           	psect	cinit
    61   000098                     __pcinit:
    62                           	callstack 0
    63   000098                     start_initialization:
    64                           	callstack 0
    65   000098                     __initialization:
    66                           	callstack 0
    67   000098                     end_of_initialization:
    68                           	callstack 0
    69   000098                     __end_of__initialization:
    70                           	callstack 0
    71   000098  9007               	bcf	int$flags,0,c	;clear compiler interrupt flag (level 1)
    72   00009A  9207               	bcf	int$flags,1,c	;clear compiler interrupt flag (level 2)
    73   00009C  0100               	movlb	0
    74   00009E  EF40  F000         	goto	_main	;jump to C main() function
    75                           
    76                           	psect	cstackCOMRAM
    77   000001                     __pcstackCOMRAM:
    78                           	callstack 0
    79   000001                     relay@i:
    80                           	callstack 0
    81                           
    82                           ; 2 bytes @ 0x0
    83   000001                     	ds	2
    84   000003                     relay@j:
    85                           	callstack 0
    86                           
    87                           ; 2 bytes @ 0x2
    88   000003                     	ds	2
    89   000005                     relay@count:
    90                           	callstack 0
    91                           
    92                           ; 2 bytes @ 0x4
    93   000005                     	ds	2
    94   000007                     
    95                           ; 1 bytes @ 0x6
    96 ;;
    97 ;;Main: autosize = 0, tempsize = 0, incstack = 0, save=0
    98 ;;
    99 ;; *************** function _main *****************
   100 ;; Defined at:
   101 ;;		line 39 in file "Ass6.c"
   102 ;; Parameters:    Size  Location     Type
   103 ;;		None
   104 ;; Auto vars:     Size  Location     Type
   105 ;;		None
   106 ;; Return value:  Size  Location     Type
   107 ;;                  1    wreg      void 
   108 ;; Registers used:
   109 ;;		None
   110 ;; Tracked objects:
   111 ;;		On entry : 0/0
   112 ;;		On exit  : 0/0
   113 ;;		Unchanged: 0/0
   114 ;; Data sizes:     COMRAM   BANK0   BANK1   BANK2   BANK3   BANK4   BANK5   BANK6   BANK7
   115 ;;      Params:         0       0       0       0       0       0       0       0       0
   116 ;;      Locals:         0       0       0       0       0       0       0       0       0
   117 ;;      Temps:          0       0       0       0       0       0       0       0       0
   118 ;;      Totals:         0       0       0       0       0       0       0       0       0
   119 ;;Total ram usage:        0 bytes
   120 ;; Hardware stack levels required when called: 1
   121 ;; This function calls:
   122 ;;		Nothing
   123 ;; This function is called by:
   124 ;;		Startup code after reset
   125 ;; This function uses a non-reentrant model
   126 ;;
   127                           
   128                           	psect	text0
   129   000080                     __ptext0:
   130                           	callstack 0
   131   000080                     _main:
   132                           	callstack 30
   133   000080                     
   134                           ;Ass6.c: 40:     TRISBbits.RB1=1;
   135   000080  8293               	bsf	147,1,c	;volatile
   136                           
   137                           ;Ass6.c: 41:     TRISAbits.RA4=0;
   138   000082  9892               	bcf	146,4,c	;volatile
   139                           
   140                           ;Ass6.c: 42:     TRISAbits.RA5=0;
   141   000084  9A92               	bcf	146,5,c	;volatile
   142                           
   143                           ;Ass6.c: 43:     INTCON3bits.INT1IF=0;
   144   000086  90F0               	bcf	240,0,c	;volatile
   145                           
   146                           ;Ass6.c: 44:     INTCON3bits.INT1E=1;
   147   000088  86F0               	bsf	240,3,c	;volatile
   148                           
   149                           ;Ass6.c: 45:     INTCON2bits.INTEDG1=0;
   150   00008A  9AF1               	bcf	241,5,c	;volatile
   151                           
   152                           ;Ass6.c: 46:     INTCONbits.PEIE=1;
   153   00008C  8CF2               	bsf	242,6,c	;volatile
   154                           
   155                           ;Ass6.c: 47:     INTCONbits.GIE=1;
   156   00008E  8EF2               	bsf	242,7,c	;volatile
   157   000090                     l29:
   158   000090  EF48  F000         	goto	l29
   159   000094  EF07  F000         	goto	start
   160   000098                     __end_of_main:
   161                           	callstack 0
   162                           
   163 ;; *************** function _relay *****************
   164 ;; Defined at:
   165 ;;		line 11 in file "Ass6.c"
   166 ;; Parameters:    Size  Location     Type
   167 ;;		None
   168 ;; Auto vars:     Size  Location     Type
   169 ;;  j               2    2[COMRAM] int 
   170 ;;  i               2    0[COMRAM] int 
   171 ;;  count           2    4[COMRAM] int 
   172 ;;  buzz            2    0        int 
   173 ;; Return value:  Size  Location     Type
   174 ;;                  1    wreg      void 
   175 ;; Registers used:
   176 ;;		wreg, status,2, status,0
   177 ;; Tracked objects:
   178 ;;		On entry : 0/0
   179 ;;		On exit  : 0/0
   180 ;;		Unchanged: 0/0
   181 ;; Data sizes:     COMRAM   BANK0   BANK1   BANK2   BANK3   BANK4   BANK5   BANK6   BANK7
   182 ;;      Params:         0       0       0       0       0       0       0       0       0
   183 ;;      Locals:         6       0       0       0       0       0       0       0       0
   184 ;;      Temps:          0       0       0       0       0       0       0       0       0
   185 ;;      Totals:         6       0       0       0       0       0       0       0       0
   186 ;;Total ram usage:        6 bytes
   187 ;; Hardware stack levels used: 1
   188 ;; This function calls:
   189 ;;		Nothing
   190 ;; This function is called by:
   191 ;;		Interrupt level 2
   192 ;; This function uses a non-reentrant model
   193 ;;
   194                           
   195                           	psect	intcode
   196   000008                     __pintcode:
   197                           	callstack 0
   198   000008                     _relay:
   199                           	callstack 30
   200                           
   201                           ;incstack = 0
   202   000008  8207               	bsf	int$flags,1,c	;set compiler interrupt flag (level 2)
   203   00000A  ED09  F000         	call	int_func,f	;refresh shadow registers
   204                           
   205                           	psect	intcode_body
   206   000012                     __pintcode_body:
   207                           	callstack 30
   208   000012                     int_func:
   209                           	callstack 30
   210   000012  0006               	pop		; remove dummy address from shadow register refresh
   211   000014                     
   212                           ;Ass6.c: 13:     int count=0;
   213   000014  0E00               	movlw	0
   214   000016  6E06               	movwf	(relay@count+1)^0,c
   215   000018  0E00               	movlw	0
   216   00001A  6E05               	movwf	relay@count^0,c
   217   00001C                     
   218                           ;Ass6.c: 15:     if(INTCON3bits.INT1IF=1)
   219   00001C  80F0               	bsf	240,0,c	;volatile
   220   00001E                     
   221                           ;Ass6.c: 27:         count++;
   222   00001E  4A05               	infsnz	relay@count^0,f,c
   223   000020  2A06               	incf	(relay@count+1)^0,f,c
   224   000022                     
   225                           ;Ass6.c: 28:         INTCONbits.GIE=0;
   226   000022  9EF2               	bcf	242,7,c	;volatile
   227   000024                     
   228                           ;Ass6.c: 29:         PORTAbits.RA4=1;
   229   000024  8880               	bsf	128,4,c	;volatile
   230   000026                     
   231                           ;Ass6.c: 30:         for(int i=0;i<100;i++)
   232   000026  0E00               	movlw	0
   233   000028  6E02               	movwf	(relay@i+1)^0,c
   234   00002A  0E00               	movlw	0
   235   00002C  6E01               	movwf	relay@i^0,c
   236   00002E                     i2l740:
   237                           
   238                           ;Ass6.c: 31:         { for(int j=0;j<100;j++);
   239   00002E  0E00               	movlw	0
   240   000030  6E04               	movwf	(relay@j+1)^0,c
   241   000032  0E00               	movlw	0
   242   000034  6E03               	movwf	relay@j^0,c
   243   000036                     i2l746:
   244   000036  4A03               	infsnz	relay@j^0,f,c
   245   000038  2A04               	incf	(relay@j+1)^0,f,c
   246   00003A  BE04               	btfsc	(relay@j+1)^0,7,c
   247   00003C  EF29  F000         	goto	i2u1_41
   248   000040  5004               	movf	(relay@j+1)^0,w,c
   249   000042  E109               	bnz	i2u1_40
   250   000044  0E64               	movlw	100
   251   000046  5C03               	subwf	relay@j^0,w,c
   252   000048  A0D8               	btfss	status,0,c
   253   00004A  EF29  F000         	goto	i2u1_41
   254   00004E  EF2B  F000         	goto	i2u1_40
   255   000052                     i2u1_41:
   256   000052  EF1B  F000         	goto	i2l746
   257   000056                     i2u1_40:
   258   000056                     
   259                           ;Ass6.c: 32:         }
   260   000056  4A01               	infsnz	relay@i^0,f,c
   261   000058  2A02               	incf	(relay@i+1)^0,f,c
   262   00005A  BE02               	btfsc	(relay@i+1)^0,7,c
   263   00005C  EF39  F000         	goto	i2u2_41
   264   000060  5002               	movf	(relay@i+1)^0,w,c
   265   000062  E109               	bnz	i2u2_40
   266   000064  0E64               	movlw	100
   267   000066  5C01               	subwf	relay@i^0,w,c
   268   000068  A0D8               	btfss	status,0,c
   269   00006A  EF39  F000         	goto	i2u2_41
   270   00006E  EF3B  F000         	goto	i2u2_40
   271   000072                     i2u2_41:
   272   000072  EF17  F000         	goto	i2l740
   273   000076                     i2u2_40:
   274   000076                     
   275                           ;Ass6.c: 33:         PORTAbits.RA4=0;
   276   000076  9880               	bcf	128,4,c	;volatile
   277                           
   278                           ;Ass6.c: 34:         INTCON3bits.INT1IF=0;
   279   000078  90F0               	bcf	240,0,c	;volatile
   280                           
   281                           ;Ass6.c: 35:         INTCONbits.GIE=1;
   282   00007A  8EF2               	bsf	242,7,c	;volatile
   283   00007C  9207               	bcf	int$flags,1,c	;clear compiler interrupt flag (level 2)
   284   00007E  0011               	retfie		f
   285   000080                     __end_of_relay:
   286                           	callstack 0
   287   000000                     
   288                           	psect	rparam
   289   000000                     
   290                           	psect	temp
   291   000007                     btemp:
   292                           	callstack 0
   293   000007                     	ds	1
   294   000000                     int$flags	set	btemp
   295   000000                     wtemp8	set	btemp+1
   296   000000                     ttemp5	set	btemp+1
   297   000000                     ttemp6	set	btemp+4
   298   000000                     ttemp7	set	btemp+8
   299                           
   300                           	psect	idloc
   301                           
   302                           ;Config register IDLOC0 @ 0x200000
   303                           ;	unspecified, using default values
   304   200000                     	org	2097152
   305   200000  FF                 	db	255
   306                           
   307                           ;Config register IDLOC1 @ 0x200001
   308                           ;	unspecified, using default values
   309   200001                     	org	2097153
   310   200001  FF                 	db	255
   311                           
   312                           ;Config register IDLOC2 @ 0x200002
   313                           ;	unspecified, using default values
   314   200002                     	org	2097154
   315   200002  FF                 	db	255
   316                           
   317                           ;Config register IDLOC3 @ 0x200003
   318                           ;	unspecified, using default values
   319   200003                     	org	2097155
   320   200003  FF                 	db	255
   321                           
   322                           ;Config register IDLOC4 @ 0x200004
   323                           ;	unspecified, using default values
   324   200004                     	org	2097156
   325   200004  FF                 	db	255
   326                           
   327                           ;Config register IDLOC5 @ 0x200005
   328                           ;	unspecified, using default values
   329   200005                     	org	2097157
   330   200005  FF                 	db	255
   331                           
   332                           ;Config register IDLOC6 @ 0x200006
   333                           ;	unspecified, using default values
   334   200006                     	org	2097158
   335   200006  FF                 	db	255
   336                           
   337                           ;Config register IDLOC7 @ 0x200007
   338                           ;	unspecified, using default values
   339   200007                     	org	2097159
   340   200007  FF                 	db	255
   341                           
   342                           	psect	config
   343                           
   344                           ;Config register CONFIG1L @ 0x300000
   345                           ;	unspecified, using default values
   346                           ;	PLL Prescaler Selection bits
   347                           ;	PLLDIV = 0x0, unprogrammed default
   348                           ;	System Clock Postscaler Selection bits
   349                           ;	CPUDIV = 0x0, unprogrammed default
   350                           ;	USB Clock Selection bit (used in Full-Speed USB mode only; UCFG:FSEN = 1)
   351                           ;	USBDIV = 0x0, unprogrammed default
   352   300000                     	org	3145728
   353   300000  00                 	db	0
   354                           
   355                           ;Config register CONFIG1H @ 0x300001
   356                           ;	unspecified, using default values
   357                           ;	Oscillator Selection bits
   358                           ;	FOSC = 0x5, unprogrammed default
   359                           ;	Fail-Safe Clock Monitor Enable bit
   360                           ;	FCMEN = 0x0, unprogrammed default
   361                           ;	Internal/External Oscillator Switchover bit
   362                           ;	IESO = 0x0, unprogrammed default
   363   300001                     	org	3145729
   364   300001  05                 	db	5
   365                           
   366                           ;Config register CONFIG2L @ 0x300002
   367                           ;	unspecified, using default values
   368                           ;	Power-up Timer Enable bit
   369                           ;	PWRT = 0x1, unprogrammed default
   370                           ;	Brown-out Reset Enable bits
   371                           ;	BOR = 0x3, unprogrammed default
   372                           ;	Brown-out Reset Voltage bits
   373                           ;	BORV = 0x3, unprogrammed default
   374                           ;	USB Voltage Regulator Enable bit
   375                           ;	VREGEN = 0x0, unprogrammed default
   376   300002                     	org	3145730
   377   300002  1F                 	db	31
   378                           
   379                           ;Config register CONFIG2H @ 0x300003
   380                           ;	unspecified, using default values
   381                           ;	Watchdog Timer Enable bit
   382                           ;	WDT = 0x1, unprogrammed default
   383                           ;	Watchdog Timer Postscale Select bits
   384                           ;	WDTPS = 0xF, unprogrammed default
   385   300003                     	org	3145731
   386   300003  1F                 	db	31
   387                           
   388                           ; Padding undefined space
   389   300004                     	org	3145732
   390   300004  FF                 	db	255
   391                           
   392                           ;Config register CONFIG3H @ 0x300005
   393                           ;	unspecified, using default values
   394                           ;	CCP2 MUX bit
   395                           ;	CCP2MX = 0x1, unprogrammed default
   396                           ;	PORTB A/D Enable bit
   397                           ;	PBADEN = 0x1, unprogrammed default
   398                           ;	Low-Power Timer 1 Oscillator Enable bit
   399                           ;	LPT1OSC = 0x0, unprogrammed default
   400                           ;	MCLR Pin Enable bit
   401                           ;	MCLRE = 0x1, unprogrammed default
   402   300005                     	org	3145733
   403   300005  83                 	db	131
   404                           
   405                           ;Config register CONFIG4L @ 0x300006
   406                           ;	unspecified, using default values
   407                           ;	Stack Full/Underflow Reset Enable bit
   408                           ;	STVREN = 0x1, unprogrammed default
   409                           ;	Single-Supply ICSP Enable bit
   410                           ;	LVP = 0x1, unprogrammed default
   411                           ;	Dedicated In-Circuit Debug/Programming Port (ICPORT) Enable bit
   412                           ;	ICPRT = 0x0, unprogrammed default
   413                           ;	Extended Instruction Set Enable bit
   414                           ;	XINST = 0x0, unprogrammed default
   415                           ;	Background Debugger Enable bit
   416                           ;	DEBUG = 0x1, unprogrammed default
   417   300006                     	org	3145734
   418   300006  85                 	db	133
   419                           
   420                           ; Padding undefined space
   421   300007                     	org	3145735
   422   300007  FF                 	db	255
   423                           
   424                           ;Config register CONFIG5L @ 0x300008
   425                           ;	unspecified, using default values
   426                           ;	Code Protection bit
   427                           ;	CP0 = 0x1, unprogrammed default
   428                           ;	Code Protection bit
   429                           ;	CP1 = 0x1, unprogrammed default
   430                           ;	Code Protection bit
   431                           ;	CP2 = 0x1, unprogrammed default
   432                           ;	Code Protection bit
   433                           ;	CP3 = 0x1, unprogrammed default
   434   300008                     	org	3145736
   435   300008  0F                 	db	15
   436                           
   437                           ;Config register CONFIG5H @ 0x300009
   438                           ;	unspecified, using default values
   439                           ;	Boot Block Code Protection bit
   440                           ;	CPB = 0x1, unprogrammed default
   441                           ;	Data EEPROM Code Protection bit
   442                           ;	CPD = 0x1, unprogrammed default
   443   300009                     	org	3145737
   444   300009  C0                 	db	192
   445                           
   446                           ;Config register CONFIG6L @ 0x30000A
   447                           ;	unspecified, using default values
   448                           ;	Write Protection bit
   449                           ;	WRT0 = 0x1, unprogrammed default
   450                           ;	Write Protection bit
   451                           ;	WRT1 = 0x1, unprogrammed default
   452                           ;	Write Protection bit
   453                           ;	WRT2 = 0x1, unprogrammed default
   454                           ;	Write Protection bit
   455                           ;	WRT3 = 0x1, unprogrammed default
   456   30000A                     	org	3145738
   457   30000A  0F                 	db	15
   458                           
   459                           ;Config register CONFIG6H @ 0x30000B
   460                           ;	unspecified, using default values
   461                           ;	Configuration Register Write Protection bit
   462                           ;	WRTC = 0x1, unprogrammed default
   463                           ;	Boot Block Write Protection bit
   464                           ;	WRTB = 0x1, unprogrammed default
   465                           ;	Data EEPROM Write Protection bit
   466                           ;	WRTD = 0x1, unprogrammed default
   467   30000B                     	org	3145739
   468   30000B  E0                 	db	224
   469                           
   470                           ;Config register CONFIG7L @ 0x30000C
   471                           ;	unspecified, using default values
   472                           ;	Table Read Protection bit
   473                           ;	EBTR0 = 0x1, unprogrammed default
   474                           ;	Table Read Protection bit
   475                           ;	EBTR1 = 0x1, unprogrammed default
   476                           ;	Table Read Protection bit
   477                           ;	EBTR2 = 0x1, unprogrammed default
   478                           ;	Table Read Protection bit
   479                           ;	EBTR3 = 0x1, unprogrammed default
   480   30000C                     	org	3145740
   481   30000C  0F                 	db	15
   482                           
   483                           ;Config register CONFIG7H @ 0x30000D
   484                           ;	unspecified, using default values
   485                           ;	Boot Block Table Read Protection bit
   486                           ;	EBTRB = 0x1, unprogrammed default
   487   30000D                     	org	3145741
   488   30000D  40                 	db	64
   489                           tosu	equ	0xFFF
   490                           tosh	equ	0xFFE
   491                           tosl	equ	0xFFD
   492                           stkptr	equ	0xFFC
   493                           pclatu	equ	0xFFB
   494                           pclath	equ	0xFFA
   495                           pcl	equ	0xFF9
   496                           tblptru	equ	0xFF8
   497                           tblptrh	equ	0xFF7
   498                           tblptrl	equ	0xFF6
   499                           tablat	equ	0xFF5
   500                           prodh	equ	0xFF4
   501                           prodl	equ	0xFF3
   502                           indf0	equ	0xFEF
   503                           postinc0	equ	0xFEE
   504                           postdec0	equ	0xFED
   505                           preinc0	equ	0xFEC
   506                           plusw0	equ	0xFEB
   507                           fsr0h	equ	0xFEA
   508                           fsr0l	equ	0xFE9
   509                           wreg	equ	0xFE8
   510                           indf1	equ	0xFE7
   511                           postinc1	equ	0xFE6
   512                           postdec1	equ	0xFE5
   513                           preinc1	equ	0xFE4
   514                           plusw1	equ	0xFE3
   515                           fsr1h	equ	0xFE2
   516                           fsr1l	equ	0xFE1
   517                           bsr	equ	0xFE0
   518                           indf2	equ	0xFDF
   519                           postinc2	equ	0xFDE
   520                           postdec2	equ	0xFDD
   521                           preinc2	equ	0xFDC
   522                           plusw2	equ	0xFDB
   523                           fsr2h	equ	0xFDA
   524                           fsr2l	equ	0xFD9
   525                           status	equ	0xFD8

Data Sizes:
    Strings     0
    Constant    0
    Data        0
    BSS         0
    Persistent  0
    Stack       0

Auto Spaces:
    Space          Size  Autos    Used
    COMRAM           94      6       6
    BANK0           160      0       0
    BANK1           256      0       0
    BANK2           256      0       0
    BANK3           256      0       0
    BANK4           256      0       0
    BANK5           256      0       0
    BANK6           256      0       0
    BANK7           256      0       0

Pointer List with Targets:

    None.

Critical Paths under _main in COMRAM

    None.

Critical Paths under _relay in COMRAM

    None.

Critical Paths under _main in BANK0

    None.

Critical Paths under _relay in BANK0

    None.

Critical Paths under _main in BANK1

    None.

Critical Paths under _relay in BANK1

    None.

Critical Paths under _main in BANK2

    None.

Critical Paths under _relay in BANK2

    None.

Critical Paths under _main in BANK3

    None.

Critical Paths under _relay in BANK3

    None.

Critical Paths under _main in BANK4

    None.

Critical Paths under _relay in BANK4

    None.

Critical Paths under _main in BANK5

    None.

Critical Paths under _relay in BANK5

    None.

Critical Paths under _main in BANK6

    None.

Critical Paths under _relay in BANK6

    None.

Critical Paths under _main in BANK7

    None.

Critical Paths under _relay in BANK7

    None.

Call Graph Tables:

 ---------------------------------------------------------------------------------
 (Depth) Function   	        Calls       Base Space   Used Autos Params    Refs
 ---------------------------------------------------------------------------------
 (0) _main                                                 0     0      0       0
 ---------------------------------------------------------------------------------
 Estimated maximum stack depth 0
 ---------------------------------------------------------------------------------
 (Depth) Function   	        Calls       Base Space   Used Autos Params    Refs
 ---------------------------------------------------------------------------------
 (1) _relay                                                8     8      0     120
                                              0 COMRAM     6     6      0
 ---------------------------------------------------------------------------------
 Estimated maximum stack depth 1
 ---------------------------------------------------------------------------------

 Call Graph Graphs:

 _main (ROOT)

 _relay (ROOT)

 Address spaces:
Name               Size   Autos  Total    Cost      Usage
BITCOMRAM           5E      0       0       0        0.0%
EEDATA             100      0       0       0        0.0%
NULL                 0      0       0       0        0.0%
CODE                 0      0       0       0        0.0%
COMRAM              5E      6       6       1        6.4%
STACK                0      0       0       2        0.0%
DATA                 0      0       0       3        0.0%
BITBANK0            A0      0       0       4        0.0%
BANK0               A0      0       0       5        0.0%
BITBANK1           100      0       0       6        0.0%
BANK1              100      0       0       7        0.0%
BITBANK2           100      0       0       8        0.0%
BANK2              100      0       0       9        0.0%
BITBANK3           100      0       0      10        0.0%
BANK3              100      0       0      11        0.0%
BITBANK4           100      0       0      12        0.0%
BANK4              100      0       0      13        0.0%
BITBANK5           100      0       0      14        0.0%
BANK5              100      0       0      15        0.0%
BITBANK6           100      0       0      16        0.0%
BANK6              100      0       0      17        0.0%
BITBANK7           100      0       0      18        0.0%
BANK7              100      0       0      19        0.0%
BITBIGSFRhh          D      0       0      20        0.0%
BITBIGSFRlhh        5C      0       0      21        0.0%
BITBIGSFRlhl        11      0       0      22        0.0%
BITBIGSFRll         20      0       0      23        0.0%
ABS                  0      0       0      24        0.0%
BIGRAM             7FF      0       0      25        0.0%
BIGSFR               0      0       0     200        0.0%
BITSFR               0      0       0     200        0.0%
SFR                  0      0       0     200        0.0%


Microchip Technology PIC18 Macro Assembler V2.41 build 20230208172133 
Symbol Table                                                                                   Fri May 12 22:19:31 2023

                     l30 0090                       l29 0090                      l754 0080  
                   i2l21 0076                     i2l24 007C                     _main 0080  
                   btemp 0007                     start 000E             ___param_bank 0000  
                  ?_main 0001                    i2l710 001C                    i2l720 001E  
                  i2l730 0022                    i2l740 002E                    i2l732 0024  
                  i2l708 0014                    i2l750 0056                    i2l734 0026  
                  i2l752 005A                    i2l728 001E                    i2l746 0036  
                  i2l748 003A                    _relay 0008                    ttemp5 0008  
                  ttemp6 000B                    ttemp7 000F                    status 0FD8  
                  wtemp8 0008          __initialization 0098             __end_of_main 0098  
                 ??_main 0007            __activetblptr 0000                   ?_relay 0001  
                 i2u1_40 0056                   i2u1_41 0052                   i2u2_40 0076  
                 i2u2_41 0072                   isa$std 0001                   relay@i 0001  
                 relay@j 0003               __accesstop 0060  __end_of__initialization 0098  
          ___rparam_used 0001           __pcstackCOMRAM 0001            __end_of_relay 0080  
                ??_relay 0001                  __Hparam 0000                  __Lparam 0000  
                __pcinit 0098                  __ramtop 0800                  __ptext0 0080  
         __pintcode_body 0012     end_of_initialization 0098                  int_func 0012  
              _PORTAbits 0F80                _TRISAbits 0F92                _TRISBbits 0F93  
    start_initialization 0098               relay@count 0005                __pintcode 0008  
            _INTCON2bits 0FF1              _INTCON3bits 0FF0                 __Hrparam 0000  
               __Lrparam 0000                 isa$xinst 0000                 int$flags 0007  
             _INTCONbits 0FF2                 intlevel2 0000  
