

Microchip MPLAB XC8 Assembler V2.41 build 20230208172133 
                                                                                               Sat Jun 03 20:15:45 2023

Microchip MPLAB XC8 C Compiler v2.41 (Free license) build 20230208172133 Og1 
     1                           	processor	18F458
     2                           	fnconf	rparam,??,?,0
     3                           	pagewidth 120
     4                           	opt	flic
     5                           	psect	cinit,global,reloc=2,class=CODE,delta=1
     6                           	psect	cstackCOMRAM,global,class=COMRAM,space=1,delta=1,lowdata,noexec
     7                           	psect	text0,global,reloc=2,class=CODE,delta=1
     8                           	psect	intsave_regs,global,class=BIGRAM,space=1,delta=1,noexec
     9                           	psect	rparam,global,class=COMRAM,space=1,delta=1,noexec
    10                           	psect	idloc,global,abs,ovrld,class=IDLOC,space=5,delta=1,noexec
    11                           	psect	config,global,abs,ovrld,class=CONFIG,space=4,delta=1,noexec
    12   000000                     
    13                           ; Version 2.40
    14                           ; Generated 17/11/2021 GMT
    15                           ; 
    16                           ; Copyright © 2021, Microchip Technology Inc. and its subsidiaries ("Microchip")
    17                           ; All rights reserved.
    18                           ; 
    19                           ; This software is developed by Microchip Technology Inc. and its subsidiaries ("Microch
      +                          ip").
    20                           ; 
    21                           ; Redistribution and use in source and binary forms, with or without modification, are
    22                           ; permitted provided that the following conditions are met:
    23                           ; 
    24                           ;     1. Redistributions of source code must retain the above copyright notice, this lis
      +                          t of
    25                           ;        conditions and the following disclaimer.
    26                           ; 
    27                           ;     2. Redistributions in binary form must reproduce the above copyright notice, this 
      +                          list
    28                           ;        of conditions and the following disclaimer in the documentation and/or other
    29                           ;        materials provided with the distribution. Publication is not required when
    30                           ;        this file is used in an embedded application.
    31                           ; 
    32                           ;     3. Microchip's name may not be used to endorse or promote products derived from th
      +                          is
    33                           ;        software without specific prior written permission.
    34                           ; 
    35                           ; THIS SOFTWARE IS PROVIDED BY MICROCHIP "AS IS" AND ANY EXPRESS OR IMPLIED WARRANTIES,
    36                           ; INCLUDING, BUT NOT LIMITED TO, THE IMPLIED WARRANTIES OF MERCHANTABILITY AND FITNESS F
      +                          OR
    37                           ; PURPOSE ARE DISCLAIMED.  IN NO EVENT SHALL MICROCHIP BE LIABLE FOR ANY DIRECT, INDIREC
      +                          T,
    38                           ; INCIDENTAL, SPECIAL, EXEMPLARY, OR CONSEQUENTIAL DAMAGES (INCLUDING BUT NOT LIMITED TO
    39                           ; PROCUREMENT OF SUBSTITUTE GOODS OR SERVICES; LOSS OF USE, DATA OR PROFITS; OR BUSINESS
    40                           ; INTERRUPTION) HOWSOEVER CAUSED AND ON ANY THEORY OF LIABILITY, WHETHER IN CONTRACT, ST
      +                          RICT
    41                           ; LIABILITY, OR TORT (INCLUDING NEGLIGENCE OR OTHERWISE) ARISING IN ANY WAY OUT OF THE U
      +                          SE OF
    42                           ; THIS SOFTWARE, EVEN IF ADVISED OF THE POSSIBILITY OF SUCH DAMAGE.
    43                           ; 
    44                           ; 
    45                           ; Code-generator required, PIC18F458 Definitions
    46                           ; 
    47                           ; SFR Addresses
    48   000000                     _TMR1	set	4046
    49   000000                     _TMR0	set	4054
    50   000000                     _PORTB	set	3969
    51   000000                     _TRISB	set	3987
    52   000000                     _TRISC	set	3988
    53   000000                     _PORTC	set	3970
    54                           
    55                           ; #config settings
    56                           
    57                           	psect	cinit
    58   003FC0                     __pcinit:
    59                           	callstack 0
    60   003FC0                     start_initialization:
    61                           	callstack 0
    62   003FC0                     __initialization:
    63                           	callstack 0
    64   003FC0                     end_of_initialization:
    65                           	callstack 0
    66   003FC0                     __end_of__initialization:
    67                           	callstack 0
    68   003FC0  0100               	movlb	0
    69   003FC2  EFE3  F01F         	goto	_main	;jump to C main() function
    70                           
    71                           	psect	cstackCOMRAM
    72   000000                     __pcstackCOMRAM:
    73                           	callstack 0
    74   000000                     
    75                           ; 2 bytes @ 0x0
    76 ;;
    77 ;;Main: autosize = 0, tempsize = 0, incstack = 0, save=0
    78 ;;
    79 ;; *************** function _main *****************
    80 ;; Defined at:
    81 ;;		line 4 in file "a1.c"
    82 ;; Parameters:    Size  Location     Type
    83 ;;		None
    84 ;; Auto vars:     Size  Location     Type
    85 ;;		None
    86 ;; Return value:  Size  Location     Type
    87 ;;                  2   16[None  ] int 
    88 ;; Registers used:
    89 ;;		wreg, status,2, status,0
    90 ;; Tracked objects:
    91 ;;		On entry : 0/0
    92 ;;		On exit  : 0/0
    93 ;;		Unchanged: 0/0
    94 ;; Data sizes:     COMRAM   BANK0   BANK1   BANK2   BANK3   BANK4   BANK5
    95 ;;      Params:         0       0       0       0       0       0       0
    96 ;;      Locals:         0       0       0       0       0       0       0
    97 ;;      Temps:          0       0       0       0       0       0       0
    98 ;;      Totals:         0       0       0       0       0       0       0
    99 ;;Total ram usage:        0 bytes
   100 ;; This function calls:
   101 ;;		Nothing
   102 ;; This function is called by:
   103 ;;		Startup code after reset
   104 ;; This function uses a non-reentrant model
   105 ;;
   106                           
   107                           	psect	text0
   108   003FC6                     __ptext0:
   109                           	callstack 0
   110   003FC6                     _main:
   111                           	callstack 31
   112   003FC6  FFFF               	dw	65535	; assembler added errata NOP
   113                           
   114                           ;a1.c: 5:     TMR0=0xff;
   115   003FC8  0E00               	movlw	0
   116   003FCA  6ED7               	movwf	215,c	;volatile
   117   003FCC  68D6               	setf	214,c	;volatile
   118                           
   119                           ;a1.c: 6:     TMR1=0x05;
   120   003FCE  0E00               	movlw	0
   121   003FD0  6ECF               	movwf	207,c	;volatile
   122   003FD2  0E05               	movlw	5
   123   003FD4  6ECE               	movwf	206,c	;volatile
   124                           
   125                           ;a1.c: 7:     TRISB=0;
   126   003FD6  0E00               	movlw	0
   127   003FD8  6E93               	movwf	147,c	;volatile
   128   003FDA                     
   129                           ;a1.c: 8:     PORTB=TMR0+TMR1;
   130   003FDA  50D6               	movf	214,w,c	;volatile
   131   003FDC  24CE               	addwf	206,w,c	;volatile
   132   003FDE  6E81               	movwf	129,c	;volatile
   133   003FE0                     
   134                           ;a1.c: 10:     TMR0=0x0A;
   135   003FE0  0E00               	movlw	0
   136   003FE2  6ED7               	movwf	215,c	;volatile
   137   003FE4  0E0A               	movlw	10
   138   003FE6  6ED6               	movwf	214,c	;volatile
   139   003FE8                     
   140                           ;a1.c: 11:     TMR1=0x05;
   141   003FE8  0E00               	movlw	0
   142   003FEA  6ECF               	movwf	207,c	;volatile
   143   003FEC  0E05               	movlw	5
   144   003FEE  6ECE               	movwf	206,c	;volatile
   145   003FF0                     
   146                           ;a1.c: 12:     TRISC=0;
   147   003FF0  0E00               	movlw	0
   148   003FF2  6E94               	movwf	148,c	;volatile
   149                           
   150                           ;a1.c: 13:     PORTC=TMR0-TMR1;
   151   003FF4  50CE               	movf	206,w,c	;volatile
   152   003FF6  5CD6               	subwf	214,w,c	;volatile
   153   003FF8  6E82               	movwf	130,c	;volatile
   154   003FFA  EF01  F000         	goto	start
   155   003FFE                     __end_of_main:
   156                           	callstack 0
   157   003FFE  FFFF               	dw	65535	; assembler added errata NOP
   158                           
   159                           	psect	rparam
   160   000000                     
   161                           	psect	idloc
   162                           
   163                           ;Config register IDLOC0 @ 0x200000
   164                           ;	unspecified, using default values
   165   200000                     	org	2097152
   166   200000  FF                 	db	255
   167                           
   168                           ;Config register IDLOC1 @ 0x200001
   169                           ;	unspecified, using default values
   170   200001                     	org	2097153
   171   200001  FF                 	db	255
   172                           
   173                           ;Config register IDLOC2 @ 0x200002
   174                           ;	unspecified, using default values
   175   200002                     	org	2097154
   176   200002  FF                 	db	255
   177                           
   178                           ;Config register IDLOC3 @ 0x200003
   179                           ;	unspecified, using default values
   180   200003                     	org	2097155
   181   200003  FF                 	db	255
   182                           
   183                           ;Config register IDLOC4 @ 0x200004
   184                           ;	unspecified, using default values
   185   200004                     	org	2097156
   186   200004  FF                 	db	255
   187                           
   188                           ;Config register IDLOC5 @ 0x200005
   189                           ;	unspecified, using default values
   190   200005                     	org	2097157
   191   200005  FF                 	db	255
   192                           
   193                           ;Config register IDLOC6 @ 0x200006
   194                           ;	unspecified, using default values
   195   200006                     	org	2097158
   196   200006  FF                 	db	255
   197                           
   198                           ;Config register IDLOC7 @ 0x200007
   199                           ;	unspecified, using default values
   200   200007                     	org	2097159
   201   200007  FF                 	db	255
   202                           
   203                           	psect	config
   204                           
   205                           ; Padding undefined space
   206   300000                     	org	3145728
   207   300000  FF                 	db	255
   208                           
   209                           ;Config register CONFIG1H @ 0x300001
   210                           ;	unspecified, using default values
   211                           ;	Oscillator Selection bits
   212                           ;	OSC = 0x7, unprogrammed default
   213                           ;	Oscillator System Clock Switch Enable bit
   214                           ;	OSCS = 0x1, unprogrammed default
   215   300001                     	org	3145729
   216   300001  27                 	db	39
   217                           
   218                           ;Config register CONFIG2L @ 0x300002
   219                           ;	unspecified, using default values
   220                           ;	Power-up Timer Enable bit
   221                           ;	PWRT = 0x1, unprogrammed default
   222                           ;	Brown-out Reset Enable bit
   223                           ;	BOR = 0x1, unprogrammed default
   224                           ;	Brown-out Reset Voltage bits
   225                           ;	BORV = 0x3, unprogrammed default
   226   300002                     	org	3145730
   227   300002  0F                 	db	15
   228                           
   229                           ;Config register CONFIG2H @ 0x300003
   230                           ;	unspecified, using default values
   231                           ;	Watchdog Timer Enable bit
   232                           ;	WDT = 0x1, unprogrammed default
   233                           ;	Watchdog Timer Postscale Select bits
   234                           ;	WDTPS = 0x7, unprogrammed default
   235   300003                     	org	3145731
   236   300003  0F                 	db	15
   237                           
   238                           ;Config register CONFIG4L @ 0x300006
   239                           ;	unspecified, using default values
   240                           ;	Stack Full/Underflow Reset Enable bit
   241                           ;	STVR = 0x1, unprogrammed default
   242                           ;	Low-Voltage ICSP Enable bit
   243                           ;	LVP = 0x1, unprogrammed default
   244                           ;	Background Debugger Enable bit
   245                           ;	DEBUG = 0x1, unprogrammed default
   246   300006                     	org	3145734
   247   300006  85                 	db	133
   248                           
   249                           ; Padding undefined space
   250   300007                     	org	3145735
   251   300007  FF                 	db	255
   252                           
   253                           ;Config register CONFIG5L @ 0x300008
   254                           ;	unspecified, using default values
   255                           ;	Code Protection bit
   256                           ;	CP0 = 0x1, unprogrammed default
   257                           ;	Code Protection bit
   258                           ;	CP1 = 0x1, unprogrammed default
   259                           ;	Code Protection bit
   260                           ;	CP2 = 0x1, unprogrammed default
   261                           ;	Code Protection bit
   262                           ;	CP3 = 0x1, unprogrammed default
   263   300008                     	org	3145736
   264   300008  0F                 	db	15
   265                           
   266                           ;Config register CONFIG5H @ 0x300009
   267                           ;	unspecified, using default values
   268                           ;	Boot Block Code Protection bit
   269                           ;	CPB = 0x1, unprogrammed default
   270                           ;	Data EEPROM Code Protection bit
   271                           ;	CPD = 0x1, unprogrammed default
   272   300009                     	org	3145737
   273   300009  C0                 	db	192
   274                           
   275                           ;Config register CONFIG6L @ 0x30000A
   276                           ;	unspecified, using default values
   277                           ;	Write Protection bit
   278                           ;	WRT0 = 0x1, unprogrammed default
   279                           ;	Write Protection bit
   280                           ;	WRT1 = 0x1, unprogrammed default
   281                           ;	Write Protection bit
   282                           ;	WRT2 = 0x1, unprogrammed default
   283                           ;	Write Protection bit
   284                           ;	WRT3 = 0x1, unprogrammed default
   285   30000A                     	org	3145738
   286   30000A  0F                 	db	15
   287                           
   288                           ;Config register CONFIG6H @ 0x30000B
   289                           ;	unspecified, using default values
   290                           ;	Configuration Register Write Protection bit
   291                           ;	WRTC = 0x1, unprogrammed default
   292                           ;	Boot Block Write Protection bit
   293                           ;	WRTB = 0x1, unprogrammed default
   294                           ;	Data EEPROM Write Protection bit
   295                           ;	WRTD = 0x1, unprogrammed default
   296   30000B                     	org	3145739
   297   30000B  E0                 	db	224
   298                           
   299                           ;Config register CONFIG7L @ 0x30000C
   300                           ;	unspecified, using default values
   301                           ;	Table Read Protection bit
   302                           ;	EBTR0 = 0x1, unprogrammed default
   303                           ;	Table Read Protection bit
   304                           ;	EBTR1 = 0x1, unprogrammed default
   305                           ;	Table Read Protection bit
   306                           ;	EBTR2 = 0x1, unprogrammed default
   307                           ;	Table Read Protection bit
   308                           ;	EBTR3 = 0x1, unprogrammed default
   309   30000C                     	org	3145740
   310   30000C  0F                 	db	15
   311                           
   312                           ;Config register CONFIG7H @ 0x30000D
   313                           ;	unspecified, using default values
   314                           ;	Boot Block Table Read Protection bit
   315                           ;	EBTRB = 0x1, unprogrammed default
   316   30000D                     	org	3145741
   317   30000D  40                 	db	64
   318                           tosu	equ	0xFFF
   319                           tosh	equ	0xFFE
   320                           tosl	equ	0xFFD
   321                           stkptr	equ	0xFFC
   322                           pclatu	equ	0xFFB
   323                           pclath	equ	0xFFA
   324                           pcl	equ	0xFF9
   325                           tblptru	equ	0xFF8
   326                           tblptrh	equ	0xFF7
   327                           tblptrl	equ	0xFF6
   328                           tablat	equ	0xFF5
   329                           prodh	equ	0xFF4
   330                           prodl	equ	0xFF3
   331                           indf0	equ	0xFEF
   332                           postinc0	equ	0xFEE
   333                           postdec0	equ	0xFED
   334                           preinc0	equ	0xFEC
   335                           plusw0	equ	0xFEB
   336                           fsr0h	equ	0xFEA
   337                           fsr0l	equ	0xFE9
   338                           wreg	equ	0xFE8
   339                           indf1	equ	0xFE7
   340                           postinc1	equ	0xFE6
   341                           postdec1	equ	0xFE5
   342                           preinc1	equ	0xFE4
   343                           plusw1	equ	0xFE3
   344                           fsr1h	equ	0xFE2
   345                           fsr1l	equ	0xFE1
   346                           bsr	equ	0xFE0
   347                           indf2	equ	0xFDF
   348                           postinc2	equ	0xFDE
   349                           postdec2	equ	0xFDD
   350                           preinc2	equ	0xFDC
   351                           plusw2	equ	0xFDB
   352                           fsr2h	equ	0xFDA
   353                           fsr2l	equ	0xFD9
   354                           status	equ	0xFD8

Data Sizes:
    Strings     0
    Constant    0
    Data        0
    BSS         0
    Persistent  0
    Stack       0

Auto Spaces:
    Space          Size  Autos    Used
    COMRAM           95      0       0
    BANK0           160      0       0
    BANK1           256      0       0
    BANK2           256      0       0
    BANK3           256      0       0
    BANK4           256      0       0
    BANK5           256      0       0

Pointer List with Targets:

    None.

Critical Paths under _main in COMRAM

    None.

Critical Paths under _main in BANK0

    None.

Critical Paths under _main in BANK1

    None.

Critical Paths under _main in BANK2

    None.

Critical Paths under _main in BANK3

    None.

Critical Paths under _main in BANK4

    None.

Critical Paths under _main in BANK5

    None.

Call Graph Tables:

 ---------------------------------------------------------------------------------
 (Depth) Function   	        Calls       Base Space   Used Autos Params    Refs
 ---------------------------------------------------------------------------------
 (0) _main                                                 0     0      0       0
 ---------------------------------------------------------------------------------
 Estimated maximum stack depth 0
 ---------------------------------------------------------------------------------

 Call Graph Graphs:

 _main (ROOT)

 Address spaces:
Name               Size   Autos  Total    Cost      Usage
BITCOMRAM           5F      0       0       0        0.0%
EEDATA             100      0       0       0        0.0%
NULL                 0      0       0       0        0.0%
CODE                 0      0       0       0        0.0%
COMRAM              5F      0       0       1        0.0%
STACK                0      0       0       2        0.0%
DATA                 0      0       0       3        0.0%
BITBANK0            A0      0       0       4        0.0%
BANK0               A0      0       0       5        0.0%
BITBANK1           100      0       0       6        0.0%
BANK1              100      0       0       7        0.0%
BITBANK2           100      0       0       8        0.0%
BANK2              100      0       0       9        0.0%
BITBANK3           100      0       0      10        0.0%
BANK3              100      0       0      11        0.0%
BITBANK4           100      0       0      12        0.0%
BANK4              100      0       0      13        0.0%
BITBANK5           100      0       0      14        0.0%
BANK5              100      0       0      15        0.0%
BITBIGSFRh          28      0       0      16        0.0%
BITBIGSFRlh          6      0       0      17        0.0%
BITBIGSFRllh        39      0       0      18        0.0%
BITBIGSFRlllh       10      0       0      19        0.0%
BITBIGSFRllll       81      0       0      20        0.0%
ABS                  0      0       0      21        0.0%
BIGRAM             5FF      0       0      22        0.0%
BIGSFR               0      0       0     200        0.0%
BITSFR_1             0      0       0     200        0.0%
SFR_1                0      0       0     200        0.0%
BITSFR               0      0       0     200        0.0%
SFR                  0      0       0     200        0.0%


Microchip Technology PIC18 Macro Assembler V2.41 build 20230208172133 
Symbol Table                                                                                   Sat Jun 03 20:15:45 2023

                                           l17 3FFA                                            l701 3FF0  
                                          l693 3FC6                                            l695 3FDA  
                                          l697 3FE0                                            l699 3FE8  
                                         _TMR0 0FD6                                           _TMR1 0FCE  
                                         _main 3FC6                                           start 0002  
                                 ___param_bank 0000                                          ?_main 0000  
                                        _PORTB 0F81                                          _PORTC 0F82  
                                        _TRISB 0F93                                          _TRISC 0F94  
                              __initialization 3FC0                                   __end_of_main 3FFE  
                                       ??_main 0000                                  __activetblptr 0000  
                                       isa$std 0001                                     __accesstop 0060  
                      __end_of__initialization 3FC0                                  ___rparam_used 0001  
                               __pcstackCOMRAM 0000                                        __Hparam 0000  
                                      __Lparam 0000                                        __pcinit 3FC0  
                                      __ramtop 0600                                        __ptext0 3FC6  
                         end_of_initialization 3FC0                            start_initialization 3FC0  
                                     __Hrparam 0000                                       __Lrparam 0000  
                                     isa$xinst 0000  
